2021-06-26 23:53:23,552 INFO o.a.j.u.JMeterUtils: Setting Locale to en_EN
2021-06-26 23:53:23,568 INFO o.a.j.JMeter: Loading user properties from: C:\Program Files\apache-jmeter-5.4.1\bin\user.properties
2021-06-26 23:53:23,568 INFO o.a.j.JMeter: Loading system properties from: C:\Program Files\apache-jmeter-5.4.1\bin\system.properties
2021-06-26 23:53:23,584 INFO o.a.j.JMeter: Copyright (c) 1998-2021 The Apache Software Foundation
2021-06-26 23:53:23,584 INFO o.a.j.JMeter: Version 5.4.1
2021-06-26 23:53:23,584 INFO o.a.j.JMeter: java.version=15.0.2
2021-06-26 23:53:23,584 INFO o.a.j.JMeter: java.vm.name=Java HotSpot(TM) 64-Bit Server VM
2021-06-26 23:53:23,584 INFO o.a.j.JMeter: os.name=Windows 10
2021-06-26 23:53:23,584 INFO o.a.j.JMeter: os.arch=amd64
2021-06-26 23:53:23,584 INFO o.a.j.JMeter: os.version=10.0
2021-06-26 23:53:23,584 INFO o.a.j.JMeter: file.encoding=Cp1252
2021-06-26 23:53:23,584 INFO o.a.j.JMeter: java.awt.headless=true
2021-06-26 23:53:23,584 INFO o.a.j.JMeter: Max memory     =1073741824
2021-06-26 23:53:23,584 INFO o.a.j.JMeter: Available Processors =8
2021-06-26 23:53:23,584 INFO o.a.j.JMeter: Default Locale=English (EN)
2021-06-26 23:53:23,584 INFO o.a.j.JMeter: JMeter  Locale=English (EN)
2021-06-26 23:53:23,584 INFO o.a.j.JMeter: JMeterHome=C:\Program Files\apache-jmeter-5.4.1
2021-06-26 23:53:23,584 INFO o.a.j.JMeter: user.dir  =C:\Users\Owner\Desktop\Infosys\Choonz_project
2021-06-26 23:53:23,584 INFO o.a.j.JMeter: PWD       =C:\Users\Owner\Desktop\Infosys\Choonz_project
2021-06-26 23:53:23,754 INFO o.a.j.JMeter: IP: 192.168.128.46 Name: DESKTOP-R52Q6RN FullName: 192.168.128.46
2021-06-26 23:53:23,769 INFO o.a.j.JMeter: Setting property 'jmeter.reportgenerator.outputdir' to:'C:\Users\Owner\Desktop\Infosys\Choonz_project\HTMLStressTestReport'
2021-06-26 23:53:23,785 INFO o.a.j.s.FileServer: Default base='C:\Users\Owner\Desktop\Infosys\Choonz_project'
2021-06-26 23:53:23,785 INFO o.a.j.s.FileServer: Set new base='C:\Users\Owner\Desktop\Infosys\Choonz_project'
2021-06-26 23:53:23,916 INFO o.a.j.s.SaveService: Testplan (JMX) version: 2.2. Testlog (JTL) version: 2.2
2021-06-26 23:53:23,938 INFO o.a.j.s.SaveService: Using SaveService properties version 5.0
2021-06-26 23:53:23,938 INFO o.a.j.s.SaveService: Using SaveService properties file encoding UTF-8
2021-06-26 23:53:23,938 INFO o.a.j.s.SaveService: Loading file: JmeterProject.jmx
2021-06-26 23:53:23,985 INFO o.a.j.p.h.s.HTTPSamplerBase: Parser for text/html is org.apache.jmeter.protocol.http.parser.LagartoBasedHtmlParser
2021-06-26 23:53:23,985 INFO o.a.j.p.h.s.HTTPSamplerBase: Parser for application/xhtml+xml is org.apache.jmeter.protocol.http.parser.LagartoBasedHtmlParser
2021-06-26 23:53:23,985 INFO o.a.j.p.h.s.HTTPSamplerBase: Parser for application/xml is org.apache.jmeter.protocol.http.parser.LagartoBasedHtmlParser
2021-06-26 23:53:23,985 INFO o.a.j.p.h.s.HTTPSamplerBase: Parser for text/xml is org.apache.jmeter.protocol.http.parser.LagartoBasedHtmlParser
2021-06-26 23:53:23,985 INFO o.a.j.p.h.s.HTTPSamplerBase: Parser for text/vnd.wap.wml is org.apache.jmeter.protocol.http.parser.RegexpHTMLParser
2021-06-26 23:53:23,985 INFO o.a.j.p.h.s.HTTPSamplerBase: Parser for text/css is org.apache.jmeter.protocol.http.parser.CssParser
2021-06-26 23:53:24,032 INFO o.a.j.JMeter: Creating summariser <summary>
2021-06-26 23:53:24,039 INFO o.a.j.r.d.ReportGenerator: ReportGenerator will use for Parsing the separator: ','
2021-06-26 23:53:24,039 INFO o.a.j.r.d.ReportGenerator: Will generate report at end of test from  results file: stressTestReport.csv
2021-06-26 23:53:24,039 INFO o.a.j.r.d.ReportGenerator: Reading report generator properties from: C:\Program Files\apache-jmeter-5.4.1\bin\reportgenerator.properties
2021-06-26 23:53:24,039 INFO o.a.j.r.d.ReportGenerator: Merging with JMeter properties
2021-06-26 23:53:24,039 INFO o.a.j.r.c.ReportGeneratorConfiguration: Property 'jmeter.reportgenerator.temp_dir' not found, using default value 'temp' instead.
2021-06-26 23:53:24,039 INFO o.a.j.r.c.ReportGeneratorConfiguration: Property 'jmeter.reportgenerator.apdex_per_transaction' not found, using default value 'null' instead.
2021-06-26 23:53:24,039 INFO o.a.j.r.c.ReportGeneratorConfiguration: apdex_per_transaction is empty, not APDEX per transaction customization
2021-06-26 23:53:24,039 INFO o.a.j.r.c.ReportGeneratorConfiguration: Property 'jmeter.reportgenerator.sample_filter' not found, using default value 'null' instead.
2021-06-26 23:53:24,039 INFO o.a.j.r.c.ReportGeneratorConfiguration: Property 'jmeter.reportgenerator.report_title' not found, using default value 'null' instead.
2021-06-26 23:53:24,039 INFO o.a.j.r.c.ReportGeneratorConfiguration: Property 'jmeter.reportgenerator.start_date' not found, using default value 'null' instead.
2021-06-26 23:53:24,039 INFO o.a.j.r.c.ReportGeneratorConfiguration: Property 'jmeter.reportgenerator.end_date' not found, using default value 'null' instead.
2021-06-26 23:53:24,039 INFO o.a.j.r.c.ReportGeneratorConfiguration: Property 'jmeter.reportgenerator.date_format' not found, using default value 'null' instead.
2021-06-26 23:53:24,039 INFO o.a.j.r.c.ReportGeneratorConfiguration: Will use date range start date: null, end date: null
2021-06-26 23:53:24,039 INFO o.a.j.r.c.ReportGeneratorConfiguration: Property 'jmeter.reportgenerator.graph.totalTPS.exclude_controllers' not found, using default value 'false' instead.
2021-06-26 23:53:24,039 INFO o.a.j.r.c.ReportGeneratorConfiguration: Property 'jmeter.reportgenerator.graph.activeThreadsOverTime.exclude_controllers' not found, using default value 'false' instead.
2021-06-26 23:53:24,039 INFO o.a.j.r.c.ReportGeneratorConfiguration: Property 'jmeter.reportgenerator.graph.timeVsThreads.exclude_controllers' not found, using default value 'false' instead.
2021-06-26 23:53:24,039 INFO o.a.j.r.c.ReportGeneratorConfiguration: Property 'jmeter.reportgenerator.graph.responseTimeDistribution.exclude_controllers' not found, using default value 'false' instead.
2021-06-26 23:53:24,039 INFO o.a.j.r.c.ReportGeneratorConfiguration: Property 'jmeter.reportgenerator.graph.transactionsPerSecond.exclude_controllers' not found, using default value 'false' instead.
2021-06-26 23:53:24,039 INFO o.a.j.r.c.ReportGeneratorConfiguration: Property 'jmeter.reportgenerator.graph.responseTimePercentiles.exclude_controllers' not found, using default value 'false' instead.
2021-06-26 23:53:24,039 INFO o.a.j.r.c.ReportGeneratorConfiguration: Property 'jmeter.reportgenerator.graph.responseTimePercentilesOverTime.exclude_controllers' not found, using default value 'false' instead.
2021-06-26 23:53:24,039 INFO o.a.j.r.c.ReportGeneratorConfiguration: Property 'jmeter.reportgenerator.graph.responseTimesOverTime.exclude_controllers' not found, using default value 'false' instead.
2021-06-26 23:53:24,039 INFO o.a.j.r.c.ReportGeneratorConfiguration: Property 'jmeter.reportgenerator.graph.connectTimeOverTime.exclude_controllers' not found, using default value 'false' instead.
2021-06-26 23:53:24,039 INFO o.a.j.r.c.ReportGeneratorConfiguration: Property 'jmeter.reportgenerator.graph.latenciesOverTime.exclude_controllers' not found, using default value 'false' instead.
2021-06-26 23:53:24,039 INFO o.a.j.r.c.ReportGeneratorConfiguration: Property 'jmeter.reportgenerator.exporter.json.filters_only_sample_series' not found, using default value 'true' instead.
2021-06-26 23:53:24,039 INFO o.a.j.r.c.ReportGeneratorConfiguration: Property 'jmeter.reportgenerator.exporter.json.series_filter' not found, using default value '' instead.
2021-06-26 23:53:24,054 INFO o.a.j.r.c.ReportGeneratorConfiguration: Property 'jmeter.reportgenerator.exporter.json.show_controllers_only' not found, using default value 'false' instead.
2021-06-26 23:53:24,054 INFO o.a.j.r.c.ReportGeneratorConfiguration: Property 'jmeter.reportgenerator.exporter.html.filters_only_sample_series' not found, using default value 'true' instead.
2021-06-26 23:53:24,054 INFO o.a.j.r.c.ReportGeneratorConfiguration: Property 'jmeter.reportgenerator.exporter.html.series_filter' not found, using default value '' instead.
2021-06-26 23:53:24,054 INFO o.a.j.r.c.ReportGeneratorConfiguration: Property 'jmeter.reportgenerator.exporter.html.show_controllers_only' not found, using default value 'false' instead.
2021-06-26 23:53:24,054 INFO o.a.j.e.StandardJMeterEngine: Running the test!
2021-06-26 23:53:24,054 INFO o.a.j.s.SampleEvent: List of sample_variables: []
2021-06-26 23:53:24,054 INFO o.a.j.s.SampleEvent: List of sample_variables: []
2021-06-26 23:53:24,054 INFO o.a.j.e.u.CompoundVariable: Note: Function class names must contain the string: '.functions.'
2021-06-26 23:53:24,054 INFO o.a.j.e.u.CompoundVariable: Note: Function class names must not contain the string: '.gui.'
2021-06-26 23:53:24,101 INFO o.a.j.JMeter: Running test (1624769604101)
2021-06-26 23:53:24,117 INFO o.a.j.e.StandardJMeterEngine: Starting ThreadGroup: 1 : Spike Test
2021-06-26 23:53:24,117 INFO o.a.j.e.StandardJMeterEngine: Starting 250 threads for group Spike Test.
2021-06-26 23:53:24,117 INFO o.a.j.e.StandardJMeterEngine: Thread will continue on error
2021-06-26 23:53:24,117 INFO k.a.j.t.AbstractSimpleThreadGroup: Starting thread group number 1 threads 250
2021-06-26 23:53:24,141 INFO o.a.j.s.SampleResult: Note: Sample TimeStamps are START times
2021-06-26 23:53:24,141 INFO o.a.j.s.SampleResult: sampleresult.default.encoding is set to ISO-8859-1
2021-06-26 23:53:24,141 INFO o.a.j.s.SampleResult: sampleresult.useNanoTime=true
2021-06-26 23:53:24,141 INFO o.a.j.s.SampleResult: sampleresult.nanoThreadSleep=5000
2021-06-26 23:53:24,209 INFO k.a.j.t.AbstractSimpleThreadGroup: Started thread group number 1
2021-06-26 23:53:24,210 INFO o.a.j.e.StandardJMeterEngine: All thread groups have been started
2021-06-26 23:53:24,280 INFO o.a.j.t.JMeterThread: Thread started: Spike Test 1-25
2021-06-26 23:53:24,400 INFO o.a.j.p.h.s.HTTPHCAbstractImpl: Local host = DESKTOP-R52Q6RN
2021-06-26 23:53:24,405 INFO o.a.j.p.h.s.HTTPHC4Impl: HTTP request retry count = 0
2021-06-26 23:53:24,439 INFO o.a.j.t.JMeterThread: Thread started: Spike Test 1-24
2021-06-26 23:53:24,505 INFO o.a.j.p.h.p.BaseParser: Created org.apache.jmeter.protocol.http.parser.LagartoBasedHtmlParser
2021-06-26 23:53:24,545 INFO o.a.j.p.h.p.BaseParser: Created org.apache.jmeter.protocol.http.parser.CssParser
2021-06-26 23:53:24,597 INFO o.a.j.t.JMeterThread: Thread started: Spike Test 1-23
2021-06-26 23:53:24,759 INFO o.a.j.t.JMeterThread: Thread started: Spike Test 1-22
2021-06-26 23:53:24,779 INFO o.a.j.p.h.s.h.LazyLayeredConnectionSocketFactory: Setting up HTTPS TrustAll Socket Factory
2021-06-26 23:53:24,784 INFO o.a.j.u.JsseSSLManager: Using default SSL protocol: TLS
2021-06-26 23:53:24,784 INFO o.a.j.u.JsseSSLManager: SSL session context: per-thread
2021-06-26 23:53:24,919 INFO o.a.j.t.JMeterThread: Thread started: Spike Test 1-21
2021-06-26 23:53:24,961 INFO o.a.j.u.SSLManager: JmeterKeyStore Location:  type JKS
2021-06-26 23:53:24,965 INFO o.a.j.u.SSLManager: KeyStore created OK
2021-06-26 23:53:24,965 WARN o.a.j.u.SSLManager: Keystore file not found, loading empty keystore
2021-06-26 23:53:25,083 INFO o.a.j.t.JMeterThread: Thread started: Spike Test 1-20
2021-06-26 23:53:25,238 INFO o.a.j.t.JMeterThread: Thread started: Spike Test 1-19
2021-06-26 23:53:25,398 INFO o.a.j.t.JMeterThread: Thread started: Spike Test 1-18
2021-06-26 23:53:25,557 INFO o.a.j.t.JMeterThread: Thread started: Spike Test 1-17
2021-06-26 23:53:25,719 INFO o.a.j.t.JMeterThread: Thread started: Spike Test 1-16
2021-06-26 23:53:25,877 INFO o.a.j.t.JMeterThread: Thread started: Spike Test 1-15
2021-06-26 23:53:26,037 INFO o.a.j.t.JMeterThread: Thread started: Spike Test 1-14
2021-06-26 23:53:26,198 INFO o.a.j.t.JMeterThread: Thread started: Spike Test 1-13
2021-06-26 23:53:26,358 INFO o.a.j.t.JMeterThread: Thread started: Spike Test 1-12
2021-06-26 23:53:26,518 INFO o.a.j.t.JMeterThread: Thread started: Spike Test 1-11
2021-06-26 23:53:26,681 INFO o.a.j.t.JMeterThread: Thread started: Spike Test 1-10
2021-06-26 23:53:26,838 INFO o.a.j.t.JMeterThread: Thread started: Spike Test 1-9
2021-06-26 23:53:26,998 INFO o.a.j.t.JMeterThread: Thread started: Spike Test 1-8
2021-06-26 23:53:27,157 INFO o.a.j.t.JMeterThread: Thread started: Spike Test 1-7
2021-06-26 23:53:27,317 INFO o.a.j.t.JMeterThread: Thread started: Spike Test 1-6
2021-06-26 23:53:27,477 INFO o.a.j.t.JMeterThread: Thread started: Spike Test 1-5
2021-06-26 23:53:27,637 INFO o.a.j.t.JMeterThread: Thread started: Spike Test 1-4
2021-06-26 23:53:27,798 INFO o.a.j.t.JMeterThread: Thread started: Spike Test 1-3
2021-06-26 23:53:27,958 INFO o.a.j.t.JMeterThread: Thread started: Spike Test 1-2
2021-06-26 23:53:28,118 INFO o.a.j.t.JMeterThread: Thread started: Spike Test 1-1
2021-06-26 23:53:28,118 INFO o.a.j.t.JMeterThread: Stopping because end time detected by thread: Spike Test 1-1
2021-06-26 23:53:28,118 INFO o.a.j.t.JMeterThread: Thread finished: Spike Test 1-1
2021-06-26 23:53:31,444 INFO o.a.j.t.JMeterThread: Stopping because end time detected by thread: Spike Test 1-18
2021-06-26 23:53:31,444 INFO o.a.j.t.JMeterThread: Thread finished: Spike Test 1-18
2021-06-26 23:53:31,445 INFO o.a.j.r.Summariser: summary +      1 in 00:00:07 =    0.1/s Avg:  6495 Min:  6495 Max:  6495 Err:     0 (0.00%) Active: 24 Started: 25 Finished: 1
2021-06-26 23:53:31,446 INFO o.a.j.t.JMeterThread: Stopping because end time detected by thread: Spike Test 1-23
2021-06-26 23:53:31,446 INFO o.a.j.t.JMeterThread: Thread finished: Spike Test 1-23
2021-06-26 23:53:32,174 INFO o.a.j.t.JMeterThread: Stopping because end time detected by thread: Spike Test 1-20
2021-06-26 23:53:32,174 INFO o.a.j.t.JMeterThread: Thread finished: Spike Test 1-20
2021-06-26 23:53:32,196 INFO o.a.j.t.JMeterThread: Stopping because end time detected by thread: Spike Test 1-17
2021-06-26 23:53:32,196 INFO o.a.j.t.JMeterThread: Thread finished: Spike Test 1-17
2021-06-26 23:53:32,297 INFO o.a.j.t.JMeterThread: Stopping because end time detected by thread: Spike Test 1-24
2021-06-26 23:53:32,297 INFO o.a.j.t.JMeterThread: Thread finished: Spike Test 1-24
2021-06-26 23:53:32,313 INFO o.a.j.t.JMeterThread: Stopping because end time detected by thread: Spike Test 1-19
2021-06-26 23:53:32,313 INFO o.a.j.t.JMeterThread: Thread finished: Spike Test 1-19
2021-06-26 23:53:32,412 INFO o.a.j.t.JMeterThread: Stopping because end time detected by thread: Spike Test 1-22
2021-06-26 23:53:32,412 INFO o.a.j.t.JMeterThread: Thread finished: Spike Test 1-22
2021-06-26 23:53:32,475 INFO o.a.j.t.JMeterThread: Stopping because end time detected by thread: Spike Test 1-25
2021-06-26 23:53:32,475 INFO o.a.j.t.JMeterThread: Thread finished: Spike Test 1-25
2021-06-26 23:53:32,497 INFO o.a.j.t.JMeterThread: Stopping because end time detected by thread: Spike Test 1-21
2021-06-26 23:53:32,497 INFO o.a.j.t.JMeterThread: Thread finished: Spike Test 1-21
2021-06-26 23:53:32,729 INFO o.a.j.t.JMeterThread: Stopping because end time detected by thread: Spike Test 1-15
2021-06-26 23:53:32,729 INFO o.a.j.t.JMeterThread: Thread finished: Spike Test 1-15
2021-06-26 23:53:32,860 INFO o.a.j.t.JMeterThread: Stopping because end time detected by thread: Spike Test 1-13
2021-06-26 23:53:32,860 INFO o.a.j.t.JMeterThread: Thread finished: Spike Test 1-13
2021-06-26 23:53:32,998 INFO o.a.j.t.JMeterThread: Stopping because end time detected by thread: Spike Test 1-14
2021-06-26 23:53:32,998 INFO o.a.j.t.JMeterThread: Thread finished: Spike Test 1-14
2021-06-26 23:53:33,078 INFO o.a.j.t.JMeterThread: Stopping because end time detected by thread: Spike Test 1-10
2021-06-26 23:53:33,078 INFO o.a.j.t.JMeterThread: Thread finished: Spike Test 1-10
2021-06-26 23:53:33,098 INFO o.a.j.t.JMeterThread: Stopping because end time detected by thread: Spike Test 1-12
2021-06-26 23:53:33,098 INFO o.a.j.t.JMeterThread: Thread finished: Spike Test 1-12
2021-06-26 23:53:33,446 INFO o.a.j.t.JMeterThread: Stopping because end time detected by thread: Spike Test 1-9
2021-06-26 23:53:33,446 INFO o.a.j.t.JMeterThread: Thread finished: Spike Test 1-9
2021-06-26 23:53:33,593 INFO o.a.j.t.JMeterThread: Stopping because end time detected by thread: Spike Test 1-5
2021-06-26 23:53:33,593 INFO o.a.j.t.JMeterThread: Thread finished: Spike Test 1-5
2021-06-26 23:53:33,713 INFO o.a.j.t.JMeterThread: Stopping because end time detected by thread: Spike Test 1-6
2021-06-26 23:53:33,713 INFO o.a.j.t.JMeterThread: Thread finished: Spike Test 1-6
2021-06-26 23:53:33,759 INFO o.a.j.t.JMeterThread: Stopping because end time detected by thread: Spike Test 1-8
2021-06-26 23:53:33,759 INFO o.a.j.t.JMeterThread: Stopping because end time detected by thread: Spike Test 1-4
2021-06-26 23:53:33,759 INFO o.a.j.t.JMeterThread: Thread finished: Spike Test 1-8
2021-06-26 23:53:33,759 INFO o.a.j.t.JMeterThread: Thread finished: Spike Test 1-4
2021-06-26 23:53:33,784 INFO o.a.j.t.JMeterThread: Stopping because end time detected by thread: Spike Test 1-2
2021-06-26 23:53:33,784 INFO o.a.j.t.JMeterThread: Thread finished: Spike Test 1-2
2021-06-26 23:53:33,822 INFO o.a.j.t.JMeterThread: Stopping because end time detected by thread: Spike Test 1-11
2021-06-26 23:53:33,822 INFO o.a.j.t.JMeterThread: Thread finished: Spike Test 1-11
2021-06-26 23:53:33,926 INFO o.a.j.t.JMeterThread: Stopping because end time detected by thread: Spike Test 1-3
2021-06-26 23:53:33,926 INFO o.a.j.t.JMeterThread: Thread finished: Spike Test 1-3
2021-06-26 23:53:33,995 INFO o.a.j.t.JMeterThread: Stopping because end time detected by thread: Spike Test 1-7
2021-06-26 23:53:33,995 INFO o.a.j.t.JMeterThread: Thread finished: Spike Test 1-7
2021-06-26 23:53:34,197 INFO o.a.j.t.JMeterThread: Thread started: Spike Test 1-75
2021-06-26 23:53:34,277 INFO o.a.j.t.JMeterThread: Thread started: Spike Test 1-74
2021-06-26 23:53:34,343 INFO o.a.j.t.JMeterThread: Stopping because end time detected by thread: Spike Test 1-16
2021-06-26 23:53:34,343 INFO o.a.j.t.JMeterThread: Thread finished: Spike Test 1-16
2021-06-26 23:53:34,357 INFO o.a.j.t.JMeterThread: Thread started: Spike Test 1-73
2021-06-26 23:53:34,438 INFO o.a.j.t.JMeterThread: Thread started: Spike Test 1-72
2021-06-26 23:53:34,528 INFO o.a.j.t.JMeterThread: Thread started: Spike Test 1-71
2021-06-26 23:53:34,597 INFO o.a.j.t.JMeterThread: Thread started: Spike Test 1-70
2021-06-26 23:53:34,683 INFO o.a.j.t.JMeterThread: Thread started: Spike Test 1-69
2021-06-26 23:53:34,762 INFO o.a.j.t.JMeterThread: Thread started: Spike Test 1-68
2021-06-26 23:53:34,861 INFO o.a.j.t.JMeterThread: Thread started: Spike Test 1-67
2021-06-26 23:53:34,931 INFO o.a.j.t.JMeterThread: Thread started: Spike Test 1-66
2021-06-26 23:53:35,000 INFO o.a.j.t.JMeterThread: Thread started: Spike Test 1-65
2021-06-26 23:53:35,084 INFO o.a.j.t.JMeterThread: Thread started: Spike Test 1-64
2021-06-26 23:53:35,164 INFO o.a.j.t.JMeterThread: Thread started: Spike Test 1-63
2021-06-26 23:53:35,238 INFO o.a.j.t.JMeterThread: Thread started: Spike Test 1-62
2021-06-26 23:53:35,318 INFO o.a.j.t.JMeterThread: Thread started: Spike Test 1-61
2021-06-26 23:53:35,398 INFO o.a.j.t.JMeterThread: Thread started: Spike Test 1-60
2021-06-26 23:53:35,478 INFO o.a.j.t.JMeterThread: Thread started: Spike Test 1-59
2021-06-26 23:53:35,558 INFO o.a.j.t.JMeterThread: Thread started: Spike Test 1-58
2021-06-26 23:53:35,638 INFO o.a.j.t.JMeterThread: Thread started: Spike Test 1-57
2021-06-26 23:53:35,718 INFO o.a.j.t.JMeterThread: Thread started: Spike Test 1-56
2021-06-26 23:53:35,798 INFO o.a.j.t.JMeterThread: Thread started: Spike Test 1-55
2021-06-26 23:53:35,878 INFO o.a.j.t.JMeterThread: Thread started: Spike Test 1-54
2021-06-26 23:53:35,958 INFO o.a.j.t.JMeterThread: Thread started: Spike Test 1-53
2021-06-26 23:53:36,038 INFO o.a.j.t.JMeterThread: Thread started: Spike Test 1-52
2021-06-26 23:53:36,118 INFO o.a.j.t.JMeterThread: Thread started: Spike Test 1-51
2021-06-26 23:53:36,198 INFO o.a.j.t.JMeterThread: Thread started: Spike Test 1-50
2021-06-26 23:53:36,279 INFO o.a.j.t.JMeterThread: Thread started: Spike Test 1-49
2021-06-26 23:53:36,358 INFO o.a.j.t.JMeterThread: Thread started: Spike Test 1-48
2021-06-26 23:53:36,438 INFO o.a.j.t.JMeterThread: Thread started: Spike Test 1-47
2021-06-26 23:53:36,519 INFO o.a.j.t.JMeterThread: Thread started: Spike Test 1-46
2021-06-26 23:53:36,598 INFO o.a.j.t.JMeterThread: Thread started: Spike Test 1-45
2021-06-26 23:53:36,678 INFO o.a.j.t.JMeterThread: Thread started: Spike Test 1-44
2021-06-26 23:53:36,758 INFO o.a.j.t.JMeterThread: Thread started: Spike Test 1-43
2021-06-26 23:53:36,838 INFO o.a.j.t.JMeterThread: Thread started: Spike Test 1-42
2021-06-26 23:53:36,918 INFO o.a.j.t.JMeterThread: Thread started: Spike Test 1-41
2021-06-26 23:53:36,998 INFO o.a.j.t.JMeterThread: Thread started: Spike Test 1-40
2021-06-26 23:53:37,079 INFO o.a.j.t.JMeterThread: Thread started: Spike Test 1-39
2021-06-26 23:53:37,158 INFO o.a.j.t.JMeterThread: Thread started: Spike Test 1-38
2021-06-26 23:53:37,238 INFO o.a.j.t.JMeterThread: Thread started: Spike Test 1-37
2021-06-26 23:53:37,317 INFO o.a.j.t.JMeterThread: Thread started: Spike Test 1-36
2021-06-26 23:53:37,399 INFO o.a.j.t.JMeterThread: Thread started: Spike Test 1-35
2021-06-26 23:53:37,478 INFO o.a.j.t.JMeterThread: Thread started: Spike Test 1-34
2021-06-26 23:53:37,557 INFO o.a.j.t.JMeterThread: Thread started: Spike Test 1-33
2021-06-26 23:53:37,637 INFO o.a.j.t.JMeterThread: Thread started: Spike Test 1-32
2021-06-26 23:53:37,718 INFO o.a.j.t.JMeterThread: Thread started: Spike Test 1-31
2021-06-26 23:53:37,798 INFO o.a.j.t.JMeterThread: Thread started: Spike Test 1-30
2021-06-26 23:53:37,877 INFO o.a.j.t.JMeterThread: Thread started: Spike Test 1-29
2021-06-26 23:53:37,957 INFO o.a.j.t.JMeterThread: Thread started: Spike Test 1-28
2021-06-26 23:53:38,038 INFO o.a.j.t.JMeterThread: Thread started: Spike Test 1-27
2021-06-26 23:53:38,038 INFO o.a.j.t.JMeterThread: Thread finished: Spike Test 1-27
2021-06-26 23:53:38,118 INFO o.a.j.t.JMeterThread: Thread started: Spike Test 1-26
2021-06-26 23:53:38,118 INFO o.a.j.t.JMeterThread: Stopping because end time detected by thread: Spike Test 1-26
2021-06-26 23:53:38,118 INFO o.a.j.t.JMeterThread: Thread finished: Spike Test 1-26
2021-06-26 23:53:40,365 INFO o.a.j.t.JMeterThread: Stopping because end time detected by thread: Spike Test 1-74
2021-06-26 23:53:40,365 INFO o.a.j.t.JMeterThread: Thread finished: Spike Test 1-74
2021-06-26 23:53:40,682 INFO o.a.j.t.JMeterThread: Stopping because end time detected by thread: Spike Test 1-73
2021-06-26 23:53:40,682 INFO o.a.j.t.JMeterThread: Thread finished: Spike Test 1-73
2021-06-26 23:53:40,688 INFO o.a.j.t.JMeterThread: Stopping because end time detected by thread: Spike Test 1-75
2021-06-26 23:53:40,688 INFO o.a.j.t.JMeterThread: Thread finished: Spike Test 1-75
2021-06-26 23:53:43,188 INFO o.a.j.t.JMeterThread: Stopping because end time detected by thread: Spike Test 1-72
2021-06-26 23:53:43,188 INFO o.a.j.t.JMeterThread: Thread finished: Spike Test 1-72
2021-06-26 23:53:44,170 INFO o.a.j.t.JMeterThread: Thread started: Spike Test 1-150
2021-06-26 23:53:44,223 INFO o.a.j.t.JMeterThread: Thread started: Spike Test 1-149
2021-06-26 23:53:44,279 INFO o.a.j.t.JMeterThread: Thread started: Spike Test 1-148
2021-06-26 23:53:44,330 INFO o.a.j.t.JMeterThread: Thread started: Spike Test 1-147
2021-06-26 23:53:44,384 INFO o.a.j.t.JMeterThread: Thread started: Spike Test 1-146
2021-06-26 23:53:44,437 INFO o.a.j.t.JMeterThread: Thread started: Spike Test 1-145
2021-06-26 23:53:44,490 INFO o.a.j.t.JMeterThread: Thread started: Spike Test 1-144
2021-06-26 23:53:44,544 INFO o.a.j.t.JMeterThread: Thread started: Spike Test 1-143
2021-06-26 23:53:44,598 INFO o.a.j.t.JMeterThread: Thread started: Spike Test 1-142
2021-06-26 23:53:44,650 INFO o.a.j.t.JMeterThread: Thread started: Spike Test 1-141
2021-06-26 23:53:44,703 INFO o.a.j.t.JMeterThread: Thread started: Spike Test 1-140
2021-06-26 23:53:44,757 INFO o.a.j.t.JMeterThread: Thread started: Spike Test 1-139
2021-06-26 23:53:44,778 INFO o.a.j.t.JMeterThread: Stopping because end time detected by thread: Spike Test 1-71
2021-06-26 23:53:44,778 INFO o.a.j.t.JMeterThread: Thread finished: Spike Test 1-71
2021-06-26 23:53:44,792 INFO o.a.j.t.JMeterThread: Stopping because end time detected by thread: Spike Test 1-70
2021-06-26 23:53:44,793 INFO o.a.j.t.JMeterThread: Thread finished: Spike Test 1-70
2021-06-26 23:53:44,811 INFO o.a.j.t.JMeterThread: Thread started: Spike Test 1-138
2021-06-26 23:53:44,864 INFO o.a.j.t.JMeterThread: Thread started: Spike Test 1-137
2021-06-26 23:53:44,918 INFO o.a.j.t.JMeterThread: Thread started: Spike Test 1-136
2021-06-26 23:53:44,975 INFO o.a.j.t.JMeterThread: Thread started: Spike Test 1-135
2021-06-26 23:53:45,024 INFO o.a.j.t.JMeterThread: Thread started: Spike Test 1-134
2021-06-26 23:53:45,078 INFO o.a.j.t.JMeterThread: Thread started: Spike Test 1-133
2021-06-26 23:53:45,145 INFO o.a.j.t.JMeterThread: Thread started: Spike Test 1-132
2021-06-26 23:53:45,184 INFO o.a.j.t.JMeterThread: Thread started: Spike Test 1-131
2021-06-26 23:53:45,238 INFO o.a.j.t.JMeterThread: Thread started: Spike Test 1-130
2021-06-26 23:53:45,291 INFO o.a.j.t.JMeterThread: Thread started: Spike Test 1-129
2021-06-26 23:53:45,344 INFO o.a.j.t.JMeterThread: Thread started: Spike Test 1-128
2021-06-26 23:53:45,399 INFO o.a.j.t.JMeterThread: Thread started: Spike Test 1-127
2021-06-26 23:53:45,451 INFO o.a.j.t.JMeterThread: Thread started: Spike Test 1-126
2021-06-26 23:53:45,504 INFO o.a.j.t.JMeterThread: Thread started: Spike Test 1-125
2021-06-26 23:53:45,558 INFO o.a.j.t.JMeterThread: Thread started: Spike Test 1-124
2021-06-26 23:53:45,564 INFO o.a.j.t.JMeterThread: Stopping because end time detected by thread: Spike Test 1-69
2021-06-26 23:53:45,564 INFO o.a.j.t.JMeterThread: Thread finished: Spike Test 1-69
2021-06-26 23:53:45,611 INFO o.a.j.t.JMeterThread: Thread started: Spike Test 1-123
2021-06-26 23:53:45,664 INFO o.a.j.t.JMeterThread: Thread started: Spike Test 1-122
2021-06-26 23:53:45,718 INFO o.a.j.t.JMeterThread: Thread started: Spike Test 1-121
2021-06-26 23:53:45,772 INFO o.a.j.t.JMeterThread: Thread started: Spike Test 1-120
2021-06-26 23:53:45,824 INFO o.a.j.t.JMeterThread: Thread started: Spike Test 1-119
2021-06-26 23:53:45,878 INFO o.a.j.t.JMeterThread: Thread started: Spike Test 1-118
2021-06-26 23:53:45,931 INFO o.a.j.t.JMeterThread: Thread started: Spike Test 1-117
2021-06-26 23:53:45,986 INFO o.a.j.t.JMeterThread: Thread started: Spike Test 1-116
2021-06-26 23:53:46,038 INFO o.a.j.t.JMeterThread: Thread started: Spike Test 1-115
2021-06-26 23:53:46,091 INFO o.a.j.t.JMeterThread: Thread started: Spike Test 1-114
2021-06-26 23:53:46,144 INFO o.a.j.t.JMeterThread: Thread started: Spike Test 1-113
2021-06-26 23:53:46,198 INFO o.a.j.t.JMeterThread: Thread started: Spike Test 1-112
2021-06-26 23:53:46,253 INFO o.a.j.t.JMeterThread: Thread started: Spike Test 1-111
2021-06-26 23:53:46,304 INFO o.a.j.t.JMeterThread: Thread started: Spike Test 1-110
2021-06-26 23:53:46,358 INFO o.a.j.t.JMeterThread: Thread started: Spike Test 1-109
2021-06-26 23:53:46,410 INFO o.a.j.t.JMeterThread: Thread started: Spike Test 1-108
2021-06-26 23:53:46,463 INFO o.a.j.t.JMeterThread: Thread started: Spike Test 1-107
2021-06-26 23:53:46,517 INFO o.a.j.t.JMeterThread: Thread started: Spike Test 1-106
2021-06-26 23:53:46,571 INFO o.a.j.t.JMeterThread: Thread started: Spike Test 1-105
2021-06-26 23:53:46,623 INFO o.a.j.t.JMeterThread: Thread started: Spike Test 1-104
2021-06-26 23:53:46,677 INFO o.a.j.t.JMeterThread: Thread started: Spike Test 1-103
2021-06-26 23:53:46,730 INFO o.a.j.t.JMeterThread: Thread started: Spike Test 1-102
2021-06-26 23:53:46,783 INFO o.a.j.t.JMeterThread: Thread started: Spike Test 1-101
2021-06-26 23:53:46,838 INFO o.a.j.t.JMeterThread: Thread started: Spike Test 1-100
2021-06-26 23:53:46,892 INFO o.a.j.t.JMeterThread: Thread started: Spike Test 1-99
2021-06-26 23:53:46,944 INFO o.a.j.t.JMeterThread: Thread started: Spike Test 1-98
2021-06-26 23:53:46,997 INFO o.a.j.t.JMeterThread: Thread started: Spike Test 1-97
2021-06-26 23:53:47,051 INFO o.a.j.t.JMeterThread: Thread started: Spike Test 1-96
2021-06-26 23:53:47,104 INFO o.a.j.t.JMeterThread: Thread started: Spike Test 1-95
2021-06-26 23:53:47,157 INFO o.a.j.t.JMeterThread: Thread started: Spike Test 1-94
2021-06-26 23:53:47,183 INFO o.a.j.t.JMeterThread: Stopping because end time detected by thread: Spike Test 1-59
2021-06-26 23:53:47,184 INFO o.a.j.t.JMeterThread: Thread finished: Spike Test 1-59
2021-06-26 23:53:47,219 INFO o.a.j.t.JMeterThread: Thread started: Spike Test 1-93
2021-06-26 23:53:47,264 INFO o.a.j.t.JMeterThread: Thread started: Spike Test 1-92
2021-06-26 23:53:47,323 INFO o.a.j.t.JMeterThread: Thread started: Spike Test 1-91
2021-06-26 23:53:47,371 INFO o.a.j.t.JMeterThread: Thread started: Spike Test 1-90
2021-06-26 23:53:47,424 INFO o.a.j.t.JMeterThread: Thread started: Spike Test 1-89
2021-06-26 23:53:47,478 INFO o.a.j.t.JMeterThread: Thread started: Spike Test 1-88
2021-06-26 23:53:47,531 INFO o.a.j.t.JMeterThread: Thread started: Spike Test 1-87
2021-06-26 23:53:47,583 INFO o.a.j.t.JMeterThread: Thread started: Spike Test 1-86
2021-06-26 23:53:47,638 INFO o.a.j.t.JMeterThread: Thread started: Spike Test 1-85
2021-06-26 23:53:47,691 INFO o.a.j.t.JMeterThread: Thread started: Spike Test 1-84
2021-06-26 23:53:47,744 INFO o.a.j.t.JMeterThread: Thread started: Spike Test 1-83
2021-06-26 23:53:47,798 INFO o.a.j.t.JMeterThread: Thread started: Spike Test 1-82
2021-06-26 23:53:47,851 INFO o.a.j.t.JMeterThread: Thread started: Spike Test 1-81
2021-06-26 23:53:47,904 INFO o.a.j.t.JMeterThread: Thread started: Spike Test 1-80
2021-06-26 23:53:47,945 INFO o.a.j.t.JMeterThread: Stopping because end time detected by thread: Spike Test 1-64
2021-06-26 23:53:47,945 INFO o.a.j.t.JMeterThread: Thread finished: Spike Test 1-64
2021-06-26 23:53:47,957 INFO o.a.j.t.JMeterThread: Thread started: Spike Test 1-79
2021-06-26 23:53:48,011 INFO o.a.j.t.JMeterThread: Thread started: Spike Test 1-78
2021-06-26 23:53:48,064 INFO o.a.j.t.JMeterThread: Thread started: Spike Test 1-77
2021-06-26 23:53:48,064 INFO o.a.j.t.JMeterThread: Thread finished: Spike Test 1-77
2021-06-26 23:53:48,118 INFO o.a.j.t.JMeterThread: Thread started: Spike Test 1-76
2021-06-26 23:53:48,118 INFO o.a.j.t.JMeterThread: Stopping because end time detected by thread: Spike Test 1-76
2021-06-26 23:53:48,118 INFO o.a.j.t.JMeterThread: Thread finished: Spike Test 1-76
2021-06-26 23:53:48,528 INFO o.a.j.t.JMeterThread: Stopping because end time detected by thread: Spike Test 1-65
2021-06-26 23:53:48,528 INFO o.a.j.t.JMeterThread: Thread finished: Spike Test 1-65
2021-06-26 23:53:49,662 INFO o.a.j.t.JMeterThread: Stopping because end time detected by thread: Spike Test 1-39
2021-06-26 23:53:49,662 INFO o.a.j.t.JMeterThread: Thread finished: Spike Test 1-39
2021-06-26 23:53:52,501 INFO o.a.j.t.JMeterThread: Stopping because end time detected by thread: Spike Test 1-43
2021-06-26 23:53:52,501 INFO o.a.j.t.JMeterThread: Thread finished: Spike Test 1-43
2021-06-26 23:53:53,204 INFO o.a.j.t.JMeterThread: Stopping because end time detected by thread: Spike Test 1-32
2021-06-26 23:53:53,204 INFO o.a.j.t.JMeterThread: Thread finished: Spike Test 1-32
2021-06-26 23:53:54,166 INFO o.a.j.t.JMeterThread: Thread started: Spike Test 1-250
2021-06-26 23:53:54,202 INFO o.a.j.t.JMeterThread: Thread started: Spike Test 1-249
2021-06-26 23:53:54,249 INFO o.a.j.t.JMeterThread: Thread started: Spike Test 1-248
2021-06-26 23:53:54,281 INFO o.a.j.t.JMeterThread: Thread started: Spike Test 1-247
2021-06-26 23:53:54,320 INFO o.a.j.t.JMeterThread: Thread started: Spike Test 1-246
2021-06-26 23:53:54,367 INFO o.a.j.t.JMeterThread: Thread started: Spike Test 1-245
2021-06-26 23:53:54,403 INFO o.a.j.t.JMeterThread: Thread started: Spike Test 1-244
2021-06-26 23:53:54,450 INFO o.a.j.t.JMeterThread: Thread started: Spike Test 1-243
2021-06-26 23:53:54,481 INFO o.a.j.t.JMeterThread: Thread started: Spike Test 1-242
2021-06-26 23:53:54,521 INFO o.a.j.t.JMeterThread: Thread started: Spike Test 1-241
2021-06-26 23:53:54,567 INFO o.a.j.t.JMeterThread: Thread started: Spike Test 1-240
2021-06-26 23:53:54,603 INFO o.a.j.t.JMeterThread: Thread started: Spike Test 1-239
2021-06-26 23:53:54,650 INFO o.a.j.t.JMeterThread: Thread started: Spike Test 1-238
2021-06-26 23:53:54,681 INFO o.a.j.t.JMeterThread: Thread started: Spike Test 1-237
2021-06-26 23:53:54,720 INFO o.a.j.t.JMeterThread: Thread started: Spike Test 1-236
2021-06-26 23:53:54,766 INFO o.a.j.t.JMeterThread: Thread started: Spike Test 1-235
2021-06-26 23:53:54,803 INFO o.a.j.t.JMeterThread: Thread started: Spike Test 1-234
2021-06-26 23:53:54,850 INFO o.a.j.t.JMeterThread: Thread started: Spike Test 1-233
2021-06-26 23:53:54,882 INFO o.a.j.t.JMeterThread: Thread started: Spike Test 1-232
2021-06-26 23:53:54,920 INFO o.a.j.t.JMeterThread: Thread started: Spike Test 1-231
2021-06-26 23:53:54,967 INFO o.a.j.t.JMeterThread: Thread started: Spike Test 1-230
2021-06-26 23:53:55,003 INFO o.a.j.t.JMeterThread: Thread started: Spike Test 1-229
2021-06-26 23:53:55,036 INFO o.a.j.t.JMeterThread: Stopping because end time detected by thread: Spike Test 1-55
2021-06-26 23:53:55,036 INFO o.a.j.t.JMeterThread: Thread finished: Spike Test 1-55
2021-06-26 23:53:55,038 INFO o.a.j.t.JMeterThread: Stopping because end time detected by thread: Spike Test 1-66
2021-06-26 23:53:55,039 INFO o.a.j.t.JMeterThread: Thread finished: Spike Test 1-66
2021-06-26 23:53:55,038 INFO o.a.j.t.JMeterThread: Thread started: Spike Test 1-228
2021-06-26 23:53:55,104 INFO o.a.j.t.JMeterThread: Thread started: Spike Test 1-227
2021-06-26 23:53:55,122 INFO o.a.j.t.JMeterThread: Thread started: Spike Test 1-226
2021-06-26 23:53:55,168 INFO o.a.j.t.JMeterThread: Thread started: Spike Test 1-225
2021-06-26 23:53:55,204 INFO o.a.j.t.JMeterThread: Thread started: Spike Test 1-224
2021-06-26 23:53:55,237 INFO o.a.j.t.JMeterThread: Thread started: Spike Test 1-223
2021-06-26 23:53:55,284 INFO o.a.j.t.JMeterThread: Thread started: Spike Test 1-222
2021-06-26 23:53:55,329 INFO o.a.j.t.JMeterThread: Thread started: Spike Test 1-221
2021-06-26 23:53:55,361 INFO o.a.j.t.JMeterThread: Thread started: Spike Test 1-220
2021-06-26 23:53:55,404 INFO o.a.j.t.JMeterThread: Thread started: Spike Test 1-219
2021-06-26 23:53:55,435 INFO o.a.j.t.JMeterThread: Stopping because end time detected by thread: Spike Test 1-49
2021-06-26 23:53:55,435 INFO o.a.j.t.JMeterThread: Thread finished: Spike Test 1-49
2021-06-26 23:53:55,452 INFO o.a.j.t.JMeterThread: Thread started: Spike Test 1-218
2021-06-26 23:53:55,482 INFO o.a.j.t.JMeterThread: Thread started: Spike Test 1-217
2021-06-26 23:53:55,489 INFO o.a.j.t.JMeterThread: Stopping because end time detected by thread: Spike Test 1-52
2021-06-26 23:53:55,489 INFO o.a.j.t.JMeterThread: Thread finished: Spike Test 1-52
2021-06-26 23:53:55,521 INFO o.a.j.t.JMeterThread: Thread started: Spike Test 1-216
2021-06-26 23:53:55,568 INFO o.a.j.t.JMeterThread: Thread started: Spike Test 1-215
2021-06-26 23:53:55,605 INFO o.a.j.t.JMeterThread: Thread started: Spike Test 1-214
2021-06-26 23:53:55,649 INFO o.a.j.t.JMeterThread: Thread started: Spike Test 1-213
2021-06-26 23:53:55,681 INFO o.a.j.t.JMeterThread: Thread started: Spike Test 1-212
2021-06-26 23:53:55,721 INFO o.a.j.t.JMeterThread: Thread started: Spike Test 1-211
2021-06-26 23:53:55,772 INFO o.a.j.t.JMeterThread: Thread started: Spike Test 1-210
2021-06-26 23:53:55,805 INFO o.a.j.t.JMeterThread: Thread started: Spike Test 1-209
2021-06-26 23:53:55,838 INFO o.a.j.t.JMeterThread: Thread started: Spike Test 1-208
2021-06-26 23:53:55,885 INFO o.a.j.t.JMeterThread: Thread started: Spike Test 1-207
2021-06-26 23:53:55,923 INFO o.a.j.t.JMeterThread: Thread started: Spike Test 1-206
2021-06-26 23:53:55,958 INFO o.a.j.t.JMeterThread: Thread started: Spike Test 1-205
2021-06-26 23:53:56,005 INFO o.a.j.t.JMeterThread: Thread started: Spike Test 1-204
2021-06-26 23:53:56,052 INFO o.a.j.t.JMeterThread: Thread started: Spike Test 1-203
2021-06-26 23:53:56,083 INFO o.a.j.t.JMeterThread: Thread started: Spike Test 1-202
2021-06-26 23:53:56,123 INFO o.a.j.t.JMeterThread: Thread started: Spike Test 1-201
2021-06-26 23:53:56,170 INFO o.a.j.t.JMeterThread: Thread started: Spike Test 1-200
2021-06-26 23:53:56,206 INFO o.a.j.t.JMeterThread: Thread started: Spike Test 1-199
2021-06-26 23:53:56,237 INFO o.a.j.t.JMeterThread: Thread started: Spike Test 1-198
2021-06-26 23:53:56,284 INFO o.a.j.t.JMeterThread: Thread started: Spike Test 1-197
2021-06-26 23:53:56,321 INFO o.a.j.t.JMeterThread: Thread started: Spike Test 1-196
2021-06-26 23:53:56,370 INFO o.a.j.t.JMeterThread: Thread started: Spike Test 1-195
2021-06-26 23:53:56,398 INFO o.a.j.t.JMeterThread: Thread started: Spike Test 1-194
2021-06-26 23:53:56,437 INFO o.a.j.t.JMeterThread: Thread started: Spike Test 1-193
2021-06-26 23:53:56,477 INFO o.a.j.t.JMeterThread: Thread started: Spike Test 1-192
2021-06-26 23:53:56,517 INFO o.a.j.t.JMeterThread: Thread started: Spike Test 1-191
2021-06-26 23:53:56,558 INFO o.a.j.t.JMeterThread: Thread started: Spike Test 1-190
2021-06-26 23:53:56,597 INFO o.a.j.t.JMeterThread: Thread started: Spike Test 1-189
2021-06-26 23:53:56,638 INFO o.a.j.t.JMeterThread: Thread started: Spike Test 1-188
2021-06-26 23:53:56,677 INFO o.a.j.t.JMeterThread: Thread started: Spike Test 1-187
2021-06-26 23:53:56,717 INFO o.a.j.t.JMeterThread: Thread started: Spike Test 1-186
2021-06-26 23:53:56,757 INFO o.a.j.t.JMeterThread: Thread started: Spike Test 1-185
2021-06-26 23:53:56,797 INFO o.a.j.t.JMeterThread: Thread started: Spike Test 1-184
2021-06-26 23:53:56,837 INFO o.a.j.t.JMeterThread: Thread started: Spike Test 1-183
2021-06-26 23:53:56,878 INFO o.a.j.t.JMeterThread: Thread started: Spike Test 1-182
2021-06-26 23:53:56,917 INFO o.a.j.t.JMeterThread: Thread started: Spike Test 1-181
2021-06-26 23:53:56,933 INFO o.a.j.t.JMeterThread: Stopping because end time detected by thread: Spike Test 1-42
2021-06-26 23:53:56,934 INFO o.a.j.t.JMeterThread: Thread finished: Spike Test 1-42
2021-06-26 23:53:56,957 INFO o.a.j.t.JMeterThread: Thread started: Spike Test 1-180
2021-06-26 23:53:56,969 INFO o.a.j.t.JMeterThread: Stopping because end time detected by thread: Spike Test 1-50
2021-06-26 23:53:56,969 INFO o.a.j.t.JMeterThread: Thread finished: Spike Test 1-50
2021-06-26 23:53:56,971 INFO o.a.j.t.JMeterThread: Stopping because end time detected by thread: Spike Test 1-34
2021-06-26 23:53:56,971 INFO o.a.j.t.JMeterThread: Thread finished: Spike Test 1-34
2021-06-26 23:53:56,998 INFO o.a.j.t.JMeterThread: Thread started: Spike Test 1-179
2021-06-26 23:53:57,006 INFO o.a.j.t.JMeterThread: Stopping because end time detected by thread: Spike Test 1-36
2021-06-26 23:53:57,006 INFO o.a.j.t.JMeterThread: Thread finished: Spike Test 1-36
2021-06-26 23:53:57,014 INFO o.a.j.t.JMeterThread: Stopping because end time detected by thread: Spike Test 1-41
2021-06-26 23:53:57,015 INFO o.a.j.t.JMeterThread: Thread finished: Spike Test 1-41
2021-06-26 23:53:57,037 INFO o.a.j.t.JMeterThread: Thread started: Spike Test 1-178
2021-06-26 23:53:57,072 INFO o.a.j.t.JMeterThread: Stopping because end time detected by thread: Spike Test 1-35
2021-06-26 23:53:57,073 INFO o.a.j.t.JMeterThread: Thread finished: Spike Test 1-35
2021-06-26 23:53:57,078 INFO o.a.j.t.JMeterThread: Thread started: Spike Test 1-177
2021-06-26 23:53:57,117 INFO o.a.j.t.JMeterThread: Thread started: Spike Test 1-176
2021-06-26 23:53:57,158 INFO o.a.j.t.JMeterThread: Thread started: Spike Test 1-175
2021-06-26 23:53:57,197 INFO o.a.j.t.JMeterThread: Thread started: Spike Test 1-174
2021-06-26 23:53:57,239 INFO o.a.j.t.JMeterThread: Thread started: Spike Test 1-173
2021-06-26 23:53:57,242 INFO o.a.j.t.JMeterThread: Stopping because end time detected by thread: Spike Test 1-38
2021-06-26 23:53:57,242 INFO o.a.j.t.JMeterThread: Thread finished: Spike Test 1-38
2021-06-26 23:53:57,277 INFO o.a.j.t.JMeterThread: Thread started: Spike Test 1-172
2021-06-26 23:53:57,317 INFO o.a.j.t.JMeterThread: Thread started: Spike Test 1-171
2021-06-26 23:53:57,357 INFO o.a.j.t.JMeterThread: Thread started: Spike Test 1-170
2021-06-26 23:53:57,398 INFO o.a.j.t.JMeterThread: Thread started: Spike Test 1-169
2021-06-26 23:53:57,437 INFO o.a.j.t.JMeterThread: Thread started: Spike Test 1-168
2021-06-26 23:53:57,453 INFO o.a.j.t.JMeterThread: Stopping because end time detected by thread: Spike Test 1-68
2021-06-26 23:53:57,453 INFO o.a.j.t.JMeterThread: Thread finished: Spike Test 1-68
2021-06-26 23:53:57,478 INFO o.a.j.t.JMeterThread: Thread started: Spike Test 1-167
2021-06-26 23:53:57,518 INFO o.a.j.t.JMeterThread: Thread started: Spike Test 1-166
2021-06-26 23:53:57,557 INFO o.a.j.t.JMeterThread: Thread started: Spike Test 1-165
2021-06-26 23:53:57,597 INFO o.a.j.t.JMeterThread: Thread started: Spike Test 1-164
2021-06-26 23:53:57,637 INFO o.a.j.t.JMeterThread: Thread started: Spike Test 1-163
2021-06-26 23:53:57,642 INFO o.a.j.t.JMeterThread: Stopping because end time detected by thread: Spike Test 1-46
2021-06-26 23:53:57,642 INFO o.a.j.t.JMeterThread: Thread finished: Spike Test 1-46
2021-06-26 23:53:57,678 INFO o.a.j.t.JMeterThread: Thread started: Spike Test 1-162
2021-06-26 23:53:57,717 INFO o.a.j.t.JMeterThread: Thread started: Spike Test 1-161
2021-06-26 23:53:57,757 INFO o.a.j.t.JMeterThread: Thread started: Spike Test 1-160
2021-06-26 23:53:57,797 INFO o.a.j.t.JMeterThread: Thread started: Spike Test 1-159
2021-06-26 23:53:57,838 INFO o.a.j.t.JMeterThread: Thread started: Spike Test 1-158
2021-06-26 23:53:57,877 INFO o.a.j.t.JMeterThread: Thread started: Spike Test 1-157
2021-06-26 23:53:57,917 INFO o.a.j.t.JMeterThread: Thread started: Spike Test 1-156
2021-06-26 23:53:57,958 INFO o.a.j.t.JMeterThread: Thread started: Spike Test 1-155
2021-06-26 23:53:57,997 INFO o.a.j.t.JMeterThread: Thread started: Spike Test 1-154
2021-06-26 23:53:58,037 INFO o.a.j.t.JMeterThread: Thread started: Spike Test 1-153
2021-06-26 23:53:58,037 INFO o.a.j.t.JMeterThread: Thread finished: Spike Test 1-153
2021-06-26 23:53:58,077 INFO o.a.j.t.JMeterThread: Thread started: Spike Test 1-152
2021-06-26 23:53:58,077 INFO o.a.j.t.JMeterThread: Thread finished: Spike Test 1-152
2021-06-26 23:53:58,117 INFO o.a.j.t.JMeterThread: Thread started: Spike Test 1-151
2021-06-26 23:53:58,117 INFO o.a.j.t.JMeterThread: Stopping because end time detected by thread: Spike Test 1-151
2021-06-26 23:53:58,117 INFO o.a.j.t.JMeterThread: Thread finished: Spike Test 1-151
2021-06-26 23:53:59,299 INFO o.a.j.t.JMeterThread: Stopping because end time detected by thread: Spike Test 1-45
2021-06-26 23:53:59,299 INFO o.a.j.t.JMeterThread: Thread finished: Spike Test 1-45
2021-06-26 23:54:01,006 INFO o.a.j.r.Summariser: summary +     51 in 00:00:30 =    1.7/s Avg: 11819 Min:  5718 Max: 24784 Err:     0 (0.00%) Active: 191 Started: 250 Finished: 59
2021-06-26 23:54:01,006 INFO o.a.j.r.Summariser: summary =     52 in 00:00:37 =    1.4/s Avg: 11716 Min:  5718 Max: 24784 Err:     0 (0.00%)
2021-06-26 23:54:01,006 INFO o.a.j.t.JMeterThread: Stopping because end time detected by thread: Spike Test 1-51
2021-06-26 23:54:01,006 INFO o.a.j.t.JMeterThread: Thread finished: Spike Test 1-51
2021-06-26 23:54:01,369 INFO o.a.j.t.JMeterThread: Stopping because end time detected by thread: Spike Test 1-40
2021-06-26 23:54:01,369 INFO o.a.j.t.JMeterThread: Thread finished: Spike Test 1-40
2021-06-26 23:54:03,242 INFO o.a.j.t.JMeterThread: Stopping because end time detected by thread: Spike Test 1-37
2021-06-26 23:54:03,242 INFO o.a.j.t.JMeterThread: Thread finished: Spike Test 1-37
2021-06-26 23:54:03,327 INFO o.a.j.t.JMeterThread: Stopping because end time detected by thread: Spike Test 1-31
2021-06-26 23:54:03,327 INFO o.a.j.t.JMeterThread: Thread finished: Spike Test 1-31
2021-06-26 23:54:05,627 INFO o.a.j.t.JMeterThread: Stopping because end time detected by thread: Spike Test 1-47
2021-06-26 23:54:05,627 INFO o.a.j.t.JMeterThread: Thread finished: Spike Test 1-47
2021-06-26 23:54:05,883 INFO o.a.j.t.JMeterThread: Stopping because end time detected by thread: Spike Test 1-28
2021-06-26 23:54:05,883 INFO o.a.j.t.JMeterThread: Thread finished: Spike Test 1-28
2021-06-26 23:54:09,463 INFO o.a.j.t.JMeterThread: Stopping because end time detected by thread: Spike Test 1-48
2021-06-26 23:54:09,463 INFO o.a.j.t.JMeterThread: Thread finished: Spike Test 1-48
2021-06-26 23:54:11,302 INFO o.a.j.t.JMeterThread: Stopping because end time detected by thread: Spike Test 1-97
2021-06-26 23:54:11,302 INFO o.a.j.t.JMeterThread: Thread finished: Spike Test 1-97
2021-06-26 23:54:11,355 INFO o.a.j.t.JMeterThread: Stopping because end time detected by thread: Spike Test 1-104
2021-06-26 23:54:11,355 INFO o.a.j.t.JMeterThread: Thread finished: Spike Test 1-104
2021-06-26 23:54:12,188 INFO o.a.j.t.JMeterThread: Stopping because end time detected by thread: Spike Test 1-122
2021-06-26 23:54:12,188 INFO o.a.j.t.JMeterThread: Thread finished: Spike Test 1-122
2021-06-26 23:54:12,320 INFO o.a.j.t.JMeterThread: Stopping because end time detected by thread: Spike Test 1-150
2021-06-26 23:54:12,320 INFO o.a.j.t.JMeterThread: Thread finished: Spike Test 1-150
2021-06-26 23:54:12,442 INFO o.a.j.t.JMeterThread: Stopping because end time detected by thread: Spike Test 1-120
2021-06-26 23:54:12,442 INFO o.a.j.t.JMeterThread: Thread finished: Spike Test 1-120
2021-06-26 23:54:14,782 INFO o.a.j.t.JMeterThread: Stopping because end time detected by thread: Spike Test 1-137
2021-06-26 23:54:14,782 INFO o.a.j.t.JMeterThread: Thread finished: Spike Test 1-137
2021-06-26 23:54:14,797 INFO o.a.j.t.JMeterThread: Stopping because end time detected by thread: Spike Test 1-62
2021-06-26 23:54:14,797 INFO o.a.j.t.JMeterThread: Thread finished: Spike Test 1-62
2021-06-26 23:54:15,328 INFO o.a.j.t.JMeterThread: Stopping because end time detected by thread: Spike Test 1-98
2021-06-26 23:54:15,328 INFO o.a.j.t.JMeterThread: Thread finished: Spike Test 1-98
2021-06-26 23:54:15,383 INFO o.a.j.t.JMeterThread: Stopping because end time detected by thread: Spike Test 1-83
2021-06-26 23:54:15,383 INFO o.a.j.t.JMeterThread: Thread finished: Spike Test 1-83
2021-06-26 23:54:15,568 INFO o.a.j.t.JMeterThread: Stopping because end time detected by thread: Spike Test 1-133
2021-06-26 23:54:15,568 INFO o.a.j.t.JMeterThread: Thread finished: Spike Test 1-133
2021-06-26 23:54:15,630 INFO o.a.j.t.JMeterThread: Stopping because end time detected by thread: Spike Test 1-146
2021-06-26 23:54:15,630 INFO o.a.j.t.JMeterThread: Thread finished: Spike Test 1-146
2021-06-26 23:54:15,656 INFO o.a.j.t.JMeterThread: Stopping because end time detected by thread: Spike Test 1-124
2021-06-26 23:54:15,656 INFO o.a.j.t.JMeterThread: Thread finished: Spike Test 1-124
2021-06-26 23:54:15,656 INFO o.a.j.t.JMeterThread: Stopping because end time detected by thread: Spike Test 1-82
2021-06-26 23:54:15,656 INFO o.a.j.t.JMeterThread: Thread finished: Spike Test 1-82
2021-06-26 23:54:15,768 INFO o.a.j.t.JMeterThread: Stopping because end time detected by thread: Spike Test 1-112
2021-06-26 23:54:15,768 INFO o.a.j.t.JMeterThread: Thread finished: Spike Test 1-112
2021-06-26 23:54:15,783 INFO o.a.j.t.JMeterThread: Stopping because end time detected by thread: Spike Test 1-109
2021-06-26 23:54:15,783 INFO o.a.j.t.JMeterThread: Thread finished: Spike Test 1-109
2021-06-26 23:54:16,131 INFO o.a.j.t.JMeterThread: Stopping because end time detected by thread: Spike Test 1-134
2021-06-26 23:54:16,131 INFO o.a.j.t.JMeterThread: Thread finished: Spike Test 1-134
2021-06-26 23:54:16,200 INFO o.a.j.t.JMeterThread: Stopping because end time detected by thread: Spike Test 1-119
2021-06-26 23:54:16,200 INFO o.a.j.t.JMeterThread: Thread finished: Spike Test 1-119
2021-06-26 23:54:16,586 INFO o.a.j.t.JMeterThread: Stopping because end time detected by thread: Spike Test 1-141
2021-06-26 23:54:16,586 INFO o.a.j.t.JMeterThread: Thread finished: Spike Test 1-141
2021-06-26 23:54:16,771 INFO o.a.j.t.JMeterThread: Stopping because end time detected by thread: Spike Test 1-223
2021-06-26 23:54:16,771 INFO o.a.j.t.JMeterThread: Thread finished: Spike Test 1-223
2021-06-26 23:54:16,887 INFO o.a.j.t.JMeterThread: Stopping because end time detected by thread: Spike Test 1-33
2021-06-26 23:54:16,887 INFO o.a.j.t.JMeterThread: Thread finished: Spike Test 1-33
2021-06-26 23:54:17,482 INFO o.a.j.t.JMeterThread: Stopping because end time detected by thread: Spike Test 1-105
2021-06-26 23:54:17,482 INFO o.a.j.t.JMeterThread: Thread finished: Spike Test 1-105
2021-06-26 23:54:17,483 INFO o.a.j.t.JMeterThread: Stopping because end time detected by thread: Spike Test 1-87
2021-06-26 23:54:17,483 INFO o.a.j.t.JMeterThread: Thread finished: Spike Test 1-87
2021-06-26 23:54:17,483 INFO o.a.j.t.JMeterThread: Stopping because end time detected by thread: Spike Test 1-86
2021-06-26 23:54:17,483 INFO o.a.j.t.JMeterThread: Thread finished: Spike Test 1-86
2021-06-26 23:54:17,546 INFO o.a.j.t.JMeterThread: Stopping because end time detected by thread: Spike Test 1-250
2021-06-26 23:54:17,546 INFO o.a.j.t.JMeterThread: Thread finished: Spike Test 1-250
2021-06-26 23:54:17,705 INFO o.a.j.t.JMeterThread: Stopping because end time detected by thread: Spike Test 1-117
2021-06-26 23:54:17,705 INFO o.a.j.t.JMeterThread: Thread finished: Spike Test 1-117
2021-06-26 23:54:17,959 INFO o.a.j.t.JMeterThread: Stopping because end time detected by thread: Spike Test 1-198
2021-06-26 23:54:17,959 INFO o.a.j.t.JMeterThread: Thread finished: Spike Test 1-198
2021-06-26 23:54:17,959 INFO o.a.j.t.JMeterThread: Stopping because end time detected by thread: Spike Test 1-116
2021-06-26 23:54:17,959 INFO o.a.j.t.JMeterThread: Thread finished: Spike Test 1-116
2021-06-26 23:54:18,121 INFO o.a.j.t.JMeterThread: Stopping because end time detected by thread: Spike Test 1-89
2021-06-26 23:54:18,121 INFO o.a.j.t.JMeterThread: Thread finished: Spike Test 1-89
2021-06-26 23:54:18,823 INFO o.a.j.t.JMeterThread: Stopping because end time detected by thread: Spike Test 1-125
2021-06-26 23:54:18,823 INFO o.a.j.t.JMeterThread: Thread finished: Spike Test 1-125
2021-06-26 23:54:19,093 INFO o.a.j.t.JMeterThread: Stopping because end time detected by thread: Spike Test 1-135
2021-06-26 23:54:19,093 INFO o.a.j.t.JMeterThread: Thread finished: Spike Test 1-135
2021-06-26 23:54:19,520 INFO o.a.j.t.JMeterThread: Stopping because end time detected by thread: Spike Test 1-101
2021-06-26 23:54:19,520 INFO o.a.j.t.JMeterThread: Thread finished: Spike Test 1-101
2021-06-26 23:54:19,527 INFO o.a.j.t.JMeterThread: Stopping because end time detected by thread: Spike Test 1-231
2021-06-26 23:54:19,527 INFO o.a.j.t.JMeterThread: Thread finished: Spike Test 1-231
2021-06-26 23:54:19,527 INFO o.a.j.t.JMeterThread: Stopping because end time detected by thread: Spike Test 1-147
2021-06-26 23:54:19,527 INFO o.a.j.t.JMeterThread: Thread finished: Spike Test 1-147
2021-06-26 23:54:19,527 INFO o.a.j.t.JMeterThread: Stopping because end time detected by thread: Spike Test 1-80
2021-06-26 23:54:19,527 INFO o.a.j.t.JMeterThread: Thread finished: Spike Test 1-80
2021-06-26 23:54:19,527 INFO o.a.j.t.JMeterThread: Stopping because end time detected by thread: Spike Test 1-53
2021-06-26 23:54:19,527 INFO o.a.j.t.JMeterThread: Thread finished: Spike Test 1-53
2021-06-26 23:54:19,527 INFO o.a.j.t.JMeterThread: Stopping because end time detected by thread: Spike Test 1-168
2021-06-26 23:54:19,527 INFO o.a.j.t.JMeterThread: Thread finished: Spike Test 1-168
2021-06-26 23:54:19,543 INFO o.a.j.t.JMeterThread: Stopping because end time detected by thread: Spike Test 1-204
2021-06-26 23:54:19,543 INFO o.a.j.t.JMeterThread: Thread finished: Spike Test 1-204
2021-06-26 23:54:19,560 INFO o.a.j.t.JMeterThread: Stopping because end time detected by thread: Spike Test 1-90
2021-06-26 23:54:19,560 INFO o.a.j.t.JMeterThread: Thread finished: Spike Test 1-90
2021-06-26 23:54:19,560 INFO o.a.j.t.JMeterThread: Stopping because end time detected by thread: Spike Test 1-30
2021-06-26 23:54:19,560 INFO o.a.j.t.JMeterThread: Thread finished: Spike Test 1-30
2021-06-26 23:54:19,563 INFO o.a.j.t.JMeterThread: Stopping because end time detected by thread: Spike Test 1-189
2021-06-26 23:54:19,563 INFO o.a.j.t.JMeterThread: Thread finished: Spike Test 1-189
2021-06-26 23:54:19,563 INFO o.a.j.t.JMeterThread: Stopping because end time detected by thread: Spike Test 1-100
2021-06-26 23:54:19,563 INFO o.a.j.t.JMeterThread: Thread finished: Spike Test 1-100
2021-06-26 23:54:19,595 INFO o.a.j.t.JMeterThread: Stopping because end time detected by thread: Spike Test 1-197
2021-06-26 23:54:19,595 INFO o.a.j.t.JMeterThread: Thread finished: Spike Test 1-197
2021-06-26 23:54:19,626 INFO o.a.j.t.JMeterThread: Stopping because end time detected by thread: Spike Test 1-246
2021-06-26 23:54:19,626 INFO o.a.j.t.JMeterThread: Thread finished: Spike Test 1-246
2021-06-26 23:54:20,012 INFO o.a.j.t.JMeterThread: Stopping because end time detected by thread: Spike Test 1-149
2021-06-26 23:54:20,012 INFO o.a.j.t.JMeterThread: Thread finished: Spike Test 1-149
2021-06-26 23:54:20,513 INFO o.a.j.t.JMeterThread: Stopping because end time detected by thread: Spike Test 1-217
2021-06-26 23:54:20,513 INFO o.a.j.t.JMeterThread: Thread finished: Spike Test 1-217
2021-06-26 23:54:23,192 INFO o.a.j.t.JMeterThread: Stopping because end time detected by thread: Spike Test 1-224
2021-06-26 23:54:23,192 INFO o.a.j.t.JMeterThread: Thread finished: Spike Test 1-224
2021-06-26 23:54:24,013 INFO o.a.j.t.JMeterThread: Stopping because end time detected by thread: Spike Test 1-236
2021-06-26 23:54:24,013 INFO o.a.j.t.JMeterThread: Thread finished: Spike Test 1-236
2021-06-26 23:54:24,013 INFO o.a.j.t.JMeterThread: Stopping because end time detected by thread: Spike Test 1-215
2021-06-26 23:54:24,013 INFO o.a.j.t.JMeterThread: Thread finished: Spike Test 1-215
2021-06-26 23:54:24,058 INFO o.a.j.t.JMeterThread: Stopping because end time detected by thread: Spike Test 1-140
2021-06-26 23:54:24,058 INFO o.a.j.t.JMeterThread: Thread finished: Spike Test 1-140
2021-06-26 23:54:24,072 INFO o.a.j.t.JMeterThread: Stopping because end time detected by thread: Spike Test 1-44
2021-06-26 23:54:24,072 INFO o.a.j.t.JMeterThread: Thread finished: Spike Test 1-44
2021-06-26 23:54:24,072 INFO o.a.j.t.JMeterThread: Stopping because end time detected by thread: Spike Test 1-107
2021-06-26 23:54:24,072 INFO o.a.j.t.JMeterThread: Thread finished: Spike Test 1-107
2021-06-26 23:54:24,166 INFO o.a.j.t.JMeterThread: Stopping because end time detected by thread: Spike Test 1-60
2021-06-26 23:54:24,166 INFO o.a.j.t.JMeterThread: Thread finished: Spike Test 1-60
2021-06-26 23:54:24,166 INFO o.a.j.t.JMeterThread: Stopping because end time detected by thread: Spike Test 1-235
2021-06-26 23:54:24,166 INFO o.a.j.t.JMeterThread: Thread finished: Spike Test 1-235
2021-06-26 23:54:24,166 INFO o.a.j.t.JMeterThread: Stopping because end time detected by thread: Spike Test 1-195
2021-06-26 23:54:24,166 INFO o.a.j.t.JMeterThread: Thread finished: Spike Test 1-195
2021-06-26 23:54:24,195 INFO o.a.j.t.JMeterThread: Stopping because end time detected by thread: Spike Test 1-113
2021-06-26 23:54:24,195 INFO o.a.j.t.JMeterThread: Thread finished: Spike Test 1-113
2021-06-26 23:54:24,211 INFO o.a.j.t.JMeterThread: Stopping because end time detected by thread: Spike Test 1-29
2021-06-26 23:54:24,211 INFO o.a.j.t.JMeterThread: Thread finished: Spike Test 1-29
2021-06-26 23:54:24,712 INFO o.a.j.t.JMeterThread: Stopping because end time detected by thread: Spike Test 1-176
2021-06-26 23:54:24,712 INFO o.a.j.t.JMeterThread: Thread finished: Spike Test 1-176
2021-06-26 23:54:24,813 INFO o.a.j.t.JMeterThread: Stopping because end time detected by thread: Spike Test 1-243
2021-06-26 23:54:24,813 INFO o.a.j.t.JMeterThread: Thread finished: Spike Test 1-243
2021-06-26 23:54:24,859 INFO o.a.j.t.JMeterThread: Stopping because end time detected by thread: Spike Test 1-221
2021-06-26 23:54:24,859 INFO o.a.j.t.JMeterThread: Thread finished: Spike Test 1-221
2021-06-26 23:54:24,859 INFO o.a.j.t.JMeterThread: Stopping because end time detected by thread: Spike Test 1-196
2021-06-26 23:54:24,859 INFO o.a.j.t.JMeterThread: Thread finished: Spike Test 1-196
2021-06-26 23:54:24,917 INFO o.a.j.t.JMeterThread: Stopping because end time detected by thread: Spike Test 1-248
2021-06-26 23:54:24,917 INFO o.a.j.t.JMeterThread: Thread finished: Spike Test 1-248
2021-06-26 23:54:24,917 INFO o.a.j.t.JMeterThread: Stopping because end time detected by thread: Spike Test 1-142
2021-06-26 23:54:24,917 INFO o.a.j.t.JMeterThread: Thread finished: Spike Test 1-142
2021-06-26 23:54:24,948 INFO o.a.j.t.JMeterThread: Stopping because end time detected by thread: Spike Test 1-156
2021-06-26 23:54:24,948 INFO o.a.j.t.JMeterThread: Thread finished: Spike Test 1-156
2021-06-26 23:54:25,000 INFO o.a.j.t.JMeterThread: Stopping because end time detected by thread: Spike Test 1-247
2021-06-26 23:54:25,000 INFO o.a.j.t.JMeterThread: Thread finished: Spike Test 1-247
2021-06-26 23:54:25,129 INFO o.a.j.t.JMeterThread: Stopping because end time detected by thread: Spike Test 1-216
2021-06-26 23:54:25,129 INFO o.a.j.t.JMeterThread: Thread finished: Spike Test 1-216
2021-06-26 23:54:25,160 INFO o.a.j.t.JMeterThread: Stopping because end time detected by thread: Spike Test 1-78
2021-06-26 23:54:25,160 INFO o.a.j.t.JMeterThread: Thread finished: Spike Test 1-78
2021-06-26 23:54:25,500 INFO o.a.j.t.JMeterThread: Stopping because end time detected by thread: Spike Test 1-230
2021-06-26 23:54:25,500 INFO o.a.j.t.JMeterThread: Thread finished: Spike Test 1-230
2021-06-26 23:54:25,531 INFO o.a.j.t.JMeterThread: Stopping because end time detected by thread: Spike Test 1-158
2021-06-26 23:54:25,531 INFO o.a.j.t.JMeterThread: Thread finished: Spike Test 1-158
2021-06-26 23:54:25,584 INFO o.a.j.t.JMeterThread: Stopping because end time detected by thread: Spike Test 1-126
2021-06-26 23:54:25,584 INFO o.a.j.t.JMeterThread: Thread finished: Spike Test 1-126
2021-06-26 23:54:25,584 INFO o.a.j.t.JMeterThread: Stopping because end time detected by thread: Spike Test 1-245
2021-06-26 23:54:25,584 INFO o.a.j.t.JMeterThread: Thread finished: Spike Test 1-245
2021-06-26 23:54:25,716 INFO o.a.j.t.JMeterThread: Stopping because end time detected by thread: Spike Test 1-240
2021-06-26 23:54:25,716 INFO o.a.j.t.JMeterThread: Thread finished: Spike Test 1-240
2021-06-26 23:54:25,801 INFO o.a.j.t.JMeterThread: Stopping because end time detected by thread: Spike Test 1-118
2021-06-26 23:54:25,801 INFO o.a.j.t.JMeterThread: Thread finished: Spike Test 1-118
2021-06-26 23:54:25,851 INFO o.a.j.t.JMeterThread: Stopping because end time detected by thread: Spike Test 1-81
2021-06-26 23:54:25,851 INFO o.a.j.t.JMeterThread: Thread finished: Spike Test 1-81
2021-06-26 23:54:25,853 INFO o.a.j.t.JMeterThread: Stopping because end time detected by thread: Spike Test 1-200
2021-06-26 23:54:25,853 INFO o.a.j.t.JMeterThread: Thread finished: Spike Test 1-200
2021-06-26 23:54:25,853 INFO o.a.j.t.JMeterThread: Stopping because end time detected by thread: Spike Test 1-108
2021-06-26 23:54:25,853 INFO o.a.j.t.JMeterThread: Thread finished: Spike Test 1-108
2021-06-26 23:54:26,365 INFO o.a.j.t.JMeterThread: Stopping because end time detected by thread: Spike Test 1-171
2021-06-26 23:54:26,365 INFO o.a.j.t.JMeterThread: Thread finished: Spike Test 1-171
2021-06-26 23:54:26,434 INFO o.a.j.t.JMeterThread: Stopping because end time detected by thread: Spike Test 1-144
2021-06-26 23:54:26,434 INFO o.a.j.t.JMeterThread: Thread finished: Spike Test 1-144
2021-06-26 23:54:26,550 INFO o.a.j.t.JMeterThread: Stopping because end time detected by thread: Spike Test 1-238
2021-06-26 23:54:26,550 INFO o.a.j.t.JMeterThread: Thread finished: Spike Test 1-238
2021-06-26 23:54:26,619 INFO o.a.j.t.JMeterThread: Stopping because end time detected by thread: Spike Test 1-249
2021-06-26 23:54:26,619 INFO o.a.j.t.JMeterThread: Thread finished: Spike Test 1-249
2021-06-26 23:54:26,650 INFO o.a.j.t.JMeterThread: Stopping because end time detected by thread: Spike Test 1-123
2021-06-26 23:54:26,650 INFO o.a.j.t.JMeterThread: Thread finished: Spike Test 1-123
2021-06-26 23:54:26,666 INFO o.a.j.t.JMeterThread: Stopping because end time detected by thread: Spike Test 1-159
2021-06-26 23:54:26,666 INFO o.a.j.t.JMeterThread: Thread finished: Spike Test 1-159
2021-06-26 23:54:26,819 INFO o.a.j.t.JMeterThread: Stopping because end time detected by thread: Spike Test 1-129
2021-06-26 23:54:26,819 INFO o.a.j.t.JMeterThread: Thread finished: Spike Test 1-129
2021-06-26 23:54:26,866 INFO o.a.j.t.JMeterThread: Stopping because end time detected by thread: Spike Test 1-58
2021-06-26 23:54:26,866 INFO o.a.j.t.JMeterThread: Thread finished: Spike Test 1-58
2021-06-26 23:54:26,904 INFO o.a.j.t.JMeterThread: Stopping because end time detected by thread: Spike Test 1-173
2021-06-26 23:54:26,904 INFO o.a.j.t.JMeterThread: Thread finished: Spike Test 1-173
2021-06-26 23:54:26,920 INFO o.a.j.t.JMeterThread: Stopping because end time detected by thread: Spike Test 1-84
2021-06-26 23:54:26,920 INFO o.a.j.t.JMeterThread: Thread finished: Spike Test 1-84
2021-06-26 23:54:27,104 INFO o.a.j.t.JMeterThread: Stopping because end time detected by thread: Spike Test 1-201
2021-06-26 23:54:27,104 INFO o.a.j.t.JMeterThread: Thread finished: Spike Test 1-201
2021-06-26 23:54:27,351 INFO o.a.j.t.JMeterThread: Stopping because end time detected by thread: Spike Test 1-208
2021-06-26 23:54:27,351 INFO o.a.j.t.JMeterThread: Thread finished: Spike Test 1-208
2021-06-26 23:54:27,452 INFO o.a.j.t.JMeterThread: Stopping because end time detected by thread: Spike Test 1-226
2021-06-26 23:54:27,452 INFO o.a.j.t.JMeterThread: Thread finished: Spike Test 1-226
2021-06-26 23:54:27,651 INFO o.a.j.t.JMeterThread: Stopping because end time detected by thread: Spike Test 1-172
2021-06-26 23:54:27,651 INFO o.a.j.t.JMeterThread: Thread finished: Spike Test 1-172
2021-06-26 23:54:27,651 INFO o.a.j.t.JMeterThread: Stopping because end time detected by thread: Spike Test 1-194
2021-06-26 23:54:27,651 INFO o.a.j.t.JMeterThread: Thread finished: Spike Test 1-194
2021-06-26 23:54:27,953 INFO o.a.j.t.JMeterThread: Stopping because end time detected by thread: Spike Test 1-94
2021-06-26 23:54:27,953 INFO o.a.j.t.JMeterThread: Thread finished: Spike Test 1-94
2021-06-26 23:54:27,957 INFO o.a.j.t.JMeterThread: Stopping because end time detected by thread: Spike Test 1-88
2021-06-26 23:54:27,957 INFO o.a.j.t.JMeterThread: Thread finished: Spike Test 1-88
2021-06-26 23:54:27,957 INFO o.a.j.t.JMeterThread: Stopping because end time detected by thread: Spike Test 1-54
2021-06-26 23:54:27,957 INFO o.a.j.t.JMeterThread: Thread finished: Spike Test 1-54
2021-06-26 23:54:27,973 INFO o.a.j.t.JMeterThread: Stopping because end time detected by thread: Spike Test 1-191
2021-06-26 23:54:27,973 INFO o.a.j.t.JMeterThread: Thread finished: Spike Test 1-191
2021-06-26 23:54:27,999 INFO o.a.j.t.JMeterThread: Stopping because end time detected by thread: Spike Test 1-169
2021-06-26 23:54:27,999 INFO o.a.j.t.JMeterThread: Thread finished: Spike Test 1-169
2021-06-26 23:54:28,001 INFO o.a.j.t.JMeterThread: Stopping because end time detected by thread: Spike Test 1-202
2021-06-26 23:54:28,001 INFO o.a.j.t.JMeterThread: Thread finished: Spike Test 1-202
2021-06-26 23:54:28,001 INFO o.a.j.t.JMeterThread: Stopping because end time detected by thread: Spike Test 1-185
2021-06-26 23:54:28,001 INFO o.a.j.t.JMeterThread: Thread finished: Spike Test 1-185
2021-06-26 23:54:28,048 INFO o.a.j.t.JMeterThread: Stopping because end time detected by thread: Spike Test 1-183
2021-06-26 23:54:28,048 INFO o.a.j.t.JMeterThread: Thread finished: Spike Test 1-183
2021-06-26 23:54:28,063 INFO o.a.j.t.JMeterThread: Stopping because end time detected by thread: Spike Test 1-175
2021-06-26 23:54:28,063 INFO o.a.j.t.JMeterThread: Thread finished: Spike Test 1-175
2021-06-26 23:54:28,201 INFO o.a.j.t.JMeterThread: Stopping because end time detected by thread: Spike Test 1-179
2021-06-26 23:54:28,201 INFO o.a.j.t.JMeterThread: Thread finished: Spike Test 1-179
2021-06-26 23:54:28,201 INFO o.a.j.t.JMeterThread: Stopping because end time detected by thread: Spike Test 1-93
2021-06-26 23:54:28,201 INFO o.a.j.t.JMeterThread: Thread finished: Spike Test 1-93
2021-06-26 23:54:28,217 INFO o.a.j.t.JMeterThread: Stopping because end time detected by thread: Spike Test 1-148
2021-06-26 23:54:28,217 INFO o.a.j.t.JMeterThread: Thread finished: Spike Test 1-148
2021-06-26 23:54:28,233 INFO o.a.j.t.JMeterThread: Stopping because end time detected by thread: Spike Test 1-213
2021-06-26 23:54:28,233 INFO o.a.j.t.JMeterThread: Thread finished: Spike Test 1-213
2021-06-26 23:54:28,245 INFO o.a.j.t.JMeterThread: Stopping because end time detected by thread: Spike Test 1-63
2021-06-26 23:54:28,245 INFO o.a.j.t.JMeterThread: Thread finished: Spike Test 1-63
2021-06-26 23:54:28,245 INFO o.a.j.t.JMeterThread: Stopping because end time detected by thread: Spike Test 1-237
2021-06-26 23:54:28,245 INFO o.a.j.t.JMeterThread: Thread finished: Spike Test 1-237
2021-06-26 23:54:28,292 INFO o.a.j.t.JMeterThread: Stopping because end time detected by thread: Spike Test 1-233
2021-06-26 23:54:28,292 INFO o.a.j.t.JMeterThread: Thread finished: Spike Test 1-233
2021-06-26 23:54:28,339 INFO o.a.j.t.JMeterThread: Stopping because end time detected by thread: Spike Test 1-205
2021-06-26 23:54:28,339 INFO o.a.j.t.JMeterThread: Thread finished: Spike Test 1-205
2021-06-26 23:54:28,498 INFO o.a.j.t.JMeterThread: Stopping because end time detected by thread: Spike Test 1-232
2021-06-26 23:54:28,498 INFO o.a.j.t.JMeterThread: Thread finished: Spike Test 1-232
2021-06-26 23:54:28,498 INFO o.a.j.t.JMeterThread: Stopping because end time detected by thread: Spike Test 1-188
2021-06-26 23:54:28,498 INFO o.a.j.t.JMeterThread: Thread finished: Spike Test 1-188
2021-06-26 23:54:28,514 INFO o.a.j.t.JMeterThread: Stopping because end time detected by thread: Spike Test 1-92
2021-06-26 23:54:28,514 INFO o.a.j.t.JMeterThread: Thread finished: Spike Test 1-92
2021-06-26 23:54:28,575 INFO o.a.j.t.JMeterThread: Stopping because end time detected by thread: Spike Test 1-190
2021-06-26 23:54:28,575 INFO o.a.j.t.JMeterThread: Thread finished: Spike Test 1-190
2021-06-26 23:54:28,592 INFO o.a.j.t.JMeterThread: Stopping because end time detected by thread: Spike Test 1-225
2021-06-26 23:54:28,592 INFO o.a.j.t.JMeterThread: Thread finished: Spike Test 1-225
2021-06-26 23:54:28,763 INFO o.a.j.t.JMeterThread: Stopping because end time detected by thread: Spike Test 1-160
2021-06-26 23:54:28,763 INFO o.a.j.t.JMeterThread: Thread finished: Spike Test 1-160
2021-06-26 23:54:28,763 INFO o.a.j.t.JMeterThread: Stopping because end time detected by thread: Spike Test 1-136
2021-06-26 23:54:28,763 INFO o.a.j.t.JMeterThread: Thread finished: Spike Test 1-136
2021-06-26 23:54:28,813 INFO o.a.j.t.JMeterThread: Stopping because end time detected by thread: Spike Test 1-186
2021-06-26 23:54:28,813 INFO o.a.j.t.JMeterThread: Thread finished: Spike Test 1-186
2021-06-26 23:54:28,816 INFO o.a.j.t.JMeterThread: Stopping because end time detected by thread: Spike Test 1-163
2021-06-26 23:54:28,816 INFO o.a.j.t.JMeterThread: Thread finished: Spike Test 1-163
2021-06-26 23:54:28,816 INFO o.a.j.t.JMeterThread: Stopping because end time detected by thread: Spike Test 1-91
2021-06-26 23:54:28,816 INFO o.a.j.t.JMeterThread: Thread finished: Spike Test 1-91
2021-06-26 23:54:28,885 INFO o.a.j.t.JMeterThread: Stopping because end time detected by thread: Spike Test 1-178
2021-06-26 23:54:28,885 INFO o.a.j.t.JMeterThread: Thread finished: Spike Test 1-178
2021-06-26 23:54:28,885 INFO o.a.j.t.JMeterThread: Stopping because end time detected by thread: Spike Test 1-174
2021-06-26 23:54:28,885 INFO o.a.j.t.JMeterThread: Thread finished: Spike Test 1-174
2021-06-26 23:54:28,987 INFO o.a.j.t.JMeterThread: Stopping because end time detected by thread: Spike Test 1-242
2021-06-26 23:54:28,987 INFO o.a.j.t.JMeterThread: Thread finished: Spike Test 1-242
2021-06-26 23:54:29,294 INFO o.a.j.t.JMeterThread: Stopping because end time detected by thread: Spike Test 1-228
2021-06-26 23:54:29,294 INFO o.a.j.t.JMeterThread: Thread finished: Spike Test 1-228
2021-06-26 23:54:29,365 INFO o.a.j.t.JMeterThread: Stopping because end time detected by thread: Spike Test 1-166
2021-06-26 23:54:29,365 INFO o.a.j.t.JMeterThread: Thread finished: Spike Test 1-166
2021-06-26 23:54:29,365 INFO o.a.j.t.JMeterThread: Stopping because end time detected by thread: Spike Test 1-219
2021-06-26 23:54:29,365 INFO o.a.j.t.JMeterThread: Thread finished: Spike Test 1-219
2021-06-26 23:54:29,387 INFO o.a.j.t.JMeterThread: Stopping because end time detected by thread: Spike Test 1-184
2021-06-26 23:54:29,387 INFO o.a.j.t.JMeterThread: Thread finished: Spike Test 1-184
2021-06-26 23:54:29,387 INFO o.a.j.t.JMeterThread: Stopping because end time detected by thread: Spike Test 1-121
2021-06-26 23:54:29,387 INFO o.a.j.t.JMeterThread: Thread finished: Spike Test 1-121
2021-06-26 23:54:29,457 INFO o.a.j.t.JMeterThread: Stopping because end time detected by thread: Spike Test 1-127
2021-06-26 23:54:29,457 INFO o.a.j.t.JMeterThread: Thread finished: Spike Test 1-127
2021-06-26 23:54:29,557 INFO o.a.j.t.JMeterThread: Stopping because end time detected by thread: Spike Test 1-106
2021-06-26 23:54:29,557 INFO o.a.j.t.JMeterThread: Thread finished: Spike Test 1-106
2021-06-26 23:54:29,573 INFO o.a.j.t.JMeterThread: Stopping because end time detected by thread: Spike Test 1-244
2021-06-26 23:54:29,573 INFO o.a.j.t.JMeterThread: Thread finished: Spike Test 1-244
2021-06-26 23:54:29,673 INFO o.a.j.t.JMeterThread: Stopping because end time detected by thread: Spike Test 1-227
2021-06-26 23:54:29,673 INFO o.a.j.t.JMeterThread: Thread finished: Spike Test 1-227
2021-06-26 23:54:29,844 INFO o.a.j.t.JMeterThread: Stopping because end time detected by thread: Spike Test 1-181
2021-06-26 23:54:29,844 INFO o.a.j.t.JMeterThread: Thread finished: Spike Test 1-181
2021-06-26 23:54:29,844 INFO o.a.j.t.JMeterThread: Stopping because end time detected by thread: Spike Test 1-85
2021-06-26 23:54:29,844 INFO o.a.j.t.JMeterThread: Thread finished: Spike Test 1-85
2021-06-26 23:54:29,927 INFO o.a.j.t.JMeterThread: Stopping because end time detected by thread: Spike Test 1-162
2021-06-26 23:54:29,927 INFO o.a.j.t.JMeterThread: Thread finished: Spike Test 1-162
2021-06-26 23:54:29,990 INFO o.a.j.t.JMeterThread: Stopping because end time detected by thread: Spike Test 1-132
2021-06-26 23:54:29,990 INFO o.a.j.t.JMeterThread: Thread finished: Spike Test 1-132
2021-06-26 23:54:30,012 INFO o.a.j.r.Summariser: summary +    140 in 00:00:29 =    4.8/s Avg: 33035 Min: 21420 Max: 52958 Err:    18 (12.86%) Active: 51 Started: 250 Finished: 199
2021-06-26 23:54:30,012 INFO o.a.j.r.Summariser: summary =    192 in 00:01:06 =    2.9/s Avg: 27262 Min:  5718 Max: 52958 Err:    18 (9.38%)
2021-06-26 23:54:30,012 INFO o.a.j.t.JMeterThread: Stopping because end time detected by thread: Spike Test 1-229
2021-06-26 23:54:30,012 INFO o.a.j.t.JMeterThread: Thread finished: Spike Test 1-229
2021-06-26 23:54:30,027 INFO o.a.j.t.JMeterThread: Stopping because end time detected by thread: Spike Test 1-138
2021-06-26 23:54:30,027 INFO o.a.j.t.JMeterThread: Thread finished: Spike Test 1-138
2021-06-26 23:54:30,055 INFO o.a.j.t.JMeterThread: Stopping because end time detected by thread: Spike Test 1-139
2021-06-26 23:54:30,055 INFO o.a.j.t.JMeterThread: Thread finished: Spike Test 1-139
2021-06-26 23:54:30,055 INFO o.a.j.t.JMeterThread: Stopping because end time detected by thread: Spike Test 1-187
2021-06-26 23:54:30,055 INFO o.a.j.t.JMeterThread: Thread finished: Spike Test 1-187
2021-06-26 23:54:30,055 INFO o.a.j.t.JMeterThread: Stopping because end time detected by thread: Spike Test 1-220
2021-06-26 23:54:30,055 INFO o.a.j.t.JMeterThread: Thread finished: Spike Test 1-220
2021-06-26 23:54:30,087 INFO o.a.j.t.JMeterThread: Stopping because end time detected by thread: Spike Test 1-164
2021-06-26 23:54:30,087 INFO o.a.j.t.JMeterThread: Thread finished: Spike Test 1-164
2021-06-26 23:54:30,109 INFO o.a.j.t.JMeterThread: Stopping because end time detected by thread: Spike Test 1-212
2021-06-26 23:54:30,109 INFO o.a.j.t.JMeterThread: Thread finished: Spike Test 1-212
2021-06-26 23:54:30,109 INFO o.a.j.t.JMeterThread: Stopping because end time detected by thread: Spike Test 1-209
2021-06-26 23:54:30,109 INFO o.a.j.t.JMeterThread: Thread finished: Spike Test 1-209
2021-06-26 23:54:30,140 INFO o.a.j.t.JMeterThread: Stopping because end time detected by thread: Spike Test 1-207
2021-06-26 23:54:30,140 INFO o.a.j.t.JMeterThread: Thread finished: Spike Test 1-207
2021-06-26 23:54:30,140 INFO o.a.j.t.JMeterThread: Stopping because end time detected by thread: Spike Test 1-114
2021-06-26 23:54:30,140 INFO o.a.j.t.JMeterThread: Thread finished: Spike Test 1-114
2021-06-26 23:54:30,156 INFO o.a.j.t.JMeterThread: Stopping because end time detected by thread: Spike Test 1-170
2021-06-26 23:54:30,156 INFO o.a.j.t.JMeterThread: Thread finished: Spike Test 1-170
2021-06-26 23:54:30,202 INFO o.a.j.t.JMeterThread: Stopping because end time detected by thread: Spike Test 1-157
2021-06-26 23:54:30,202 INFO o.a.j.t.JMeterThread: Thread finished: Spike Test 1-157
2021-06-26 23:54:30,210 INFO o.a.j.t.JMeterThread: Stopping because end time detected by thread: Spike Test 1-103
2021-06-26 23:54:30,210 INFO o.a.j.t.JMeterThread: Thread finished: Spike Test 1-103
2021-06-26 23:54:30,216 INFO o.a.j.t.JMeterThread: Stopping because end time detected by thread: Spike Test 1-182
2021-06-26 23:54:30,216 INFO o.a.j.t.JMeterThread: Thread finished: Spike Test 1-182
2021-06-26 23:54:30,216 INFO o.a.j.t.JMeterThread: Stopping because end time detected by thread: Spike Test 1-131
2021-06-26 23:54:30,216 INFO o.a.j.t.JMeterThread: Thread finished: Spike Test 1-131
2021-06-26 23:54:30,263 INFO o.a.j.t.JMeterThread: Stopping because end time detected by thread: Spike Test 1-111
2021-06-26 23:54:30,263 INFO o.a.j.t.JMeterThread: Thread finished: Spike Test 1-111
2021-06-26 23:54:30,312 INFO o.a.j.t.JMeterThread: Stopping because end time detected by thread: Spike Test 1-206
2021-06-26 23:54:30,312 INFO o.a.j.t.JMeterThread: Thread finished: Spike Test 1-206
2021-06-26 23:54:30,312 INFO o.a.j.t.JMeterThread: Stopping because end time detected by thread: Spike Test 1-143
2021-06-26 23:54:30,312 INFO o.a.j.t.JMeterThread: Thread finished: Spike Test 1-143
2021-06-26 23:54:30,328 INFO o.a.j.t.JMeterThread: Stopping because end time detected by thread: Spike Test 1-214
2021-06-26 23:54:30,328 INFO o.a.j.t.JMeterThread: Thread finished: Spike Test 1-214
2021-06-26 23:54:30,397 INFO o.a.j.t.JMeterThread: Stopping because end time detected by thread: Spike Test 1-155
2021-06-26 23:54:30,397 INFO o.a.j.t.JMeterThread: Thread finished: Spike Test 1-155
2021-06-26 23:54:30,575 INFO o.a.j.t.JMeterThread: Stopping because end time detected by thread: Spike Test 1-167
2021-06-26 23:54:30,591 INFO o.a.j.t.JMeterThread: Thread finished: Spike Test 1-167
2021-06-26 23:54:30,798 INFO o.a.j.t.JMeterThread: Stopping because end time detected by thread: Spike Test 1-79
2021-06-26 23:54:30,798 INFO o.a.j.t.JMeterThread: Thread finished: Spike Test 1-79
2021-06-26 23:54:30,814 INFO o.a.j.t.JMeterThread: Stopping because end time detected by thread: Spike Test 1-193
2021-06-26 23:54:30,814 INFO o.a.j.t.JMeterThread: Thread finished: Spike Test 1-193
2021-06-26 23:54:30,914 INFO o.a.j.t.JMeterThread: Stopping because end time detected by thread: Spike Test 1-199
2021-06-26 23:54:30,914 INFO o.a.j.t.JMeterThread: Thread finished: Spike Test 1-199
2021-06-26 23:54:30,945 INFO o.a.j.t.JMeterThread: Stopping because end time detected by thread: Spike Test 1-95
2021-06-26 23:54:30,945 INFO o.a.j.t.JMeterThread: Thread finished: Spike Test 1-95
2021-06-26 23:54:31,063 INFO o.a.j.t.JMeterThread: Stopping because end time detected by thread: Spike Test 1-165
2021-06-26 23:54:31,063 INFO o.a.j.t.JMeterThread: Thread finished: Spike Test 1-165
2021-06-26 23:54:31,099 INFO o.a.j.t.JMeterThread: Stopping because end time detected by thread: Spike Test 1-154
2021-06-26 23:54:31,099 INFO o.a.j.t.JMeterThread: Thread finished: Spike Test 1-154
2021-06-26 23:54:31,146 INFO o.a.j.t.JMeterThread: Stopping because end time detected by thread: Spike Test 1-239
2021-06-26 23:54:31,146 INFO o.a.j.t.JMeterThread: Thread finished: Spike Test 1-239
2021-06-26 23:54:31,278 INFO o.a.j.t.JMeterThread: Stopping because end time detected by thread: Spike Test 1-203
2021-06-26 23:54:31,278 INFO o.a.j.t.JMeterThread: Thread finished: Spike Test 1-203
2021-06-26 23:54:31,463 INFO o.a.j.t.JMeterThread: Stopping because end time detected by thread: Spike Test 1-57
2021-06-26 23:54:31,463 INFO o.a.j.t.JMeterThread: Thread finished: Spike Test 1-57
2021-06-26 23:54:31,517 INFO o.a.j.t.JMeterThread: Stopping because end time detected by thread: Spike Test 1-161
2021-06-26 23:54:31,517 INFO o.a.j.t.JMeterThread: Thread finished: Spike Test 1-161
2021-06-26 23:54:31,533 INFO o.a.j.t.JMeterThread: Stopping because end time detected by thread: Spike Test 1-211
2021-06-26 23:54:31,533 INFO o.a.j.t.JMeterThread: Thread finished: Spike Test 1-211
2021-06-26 23:54:31,548 INFO o.a.j.t.JMeterThread: Stopping because end time detected by thread: Spike Test 1-102
2021-06-26 23:54:31,548 INFO o.a.j.t.JMeterThread: Thread finished: Spike Test 1-102
2021-06-26 23:54:31,579 INFO o.a.j.t.JMeterThread: Stopping because end time detected by thread: Spike Test 1-128
2021-06-26 23:54:31,579 INFO o.a.j.t.JMeterThread: Thread finished: Spike Test 1-128
2021-06-26 23:54:31,818 INFO o.a.j.t.JMeterThread: Stopping because end time detected by thread: Spike Test 1-130
2021-06-26 23:54:31,818 INFO o.a.j.t.JMeterThread: Thread finished: Spike Test 1-130
2021-06-26 23:54:31,896 INFO o.a.j.t.JMeterThread: Stopping because end time detected by thread: Spike Test 1-115
2021-06-26 23:54:31,896 INFO o.a.j.t.JMeterThread: Thread finished: Spike Test 1-115
2021-06-26 23:54:32,081 INFO o.a.j.t.JMeterThread: Stopping because end time detected by thread: Spike Test 1-241
2021-06-26 23:54:32,081 INFO o.a.j.t.JMeterThread: Thread finished: Spike Test 1-241
2021-06-26 23:54:32,668 INFO o.a.j.t.JMeterThread: Stopping because end time detected by thread: Spike Test 1-67
2021-06-26 23:54:32,668 INFO o.a.j.t.JMeterThread: Thread finished: Spike Test 1-67
2021-06-26 23:54:32,753 INFO o.a.j.t.JMeterThread: Stopping because end time detected by thread: Spike Test 1-145
2021-06-26 23:54:32,753 INFO o.a.j.t.JMeterThread: Thread finished: Spike Test 1-145
2021-06-26 23:54:32,969 INFO o.a.j.t.JMeterThread: Stopping because end time detected by thread: Spike Test 1-218
2021-06-26 23:54:32,969 INFO o.a.j.t.JMeterThread: Thread finished: Spike Test 1-218
2021-06-26 23:54:33,030 INFO o.a.j.t.JMeterThread: Stopping because end time detected by thread: Spike Test 1-222
2021-06-26 23:54:33,030 INFO o.a.j.t.JMeterThread: Thread finished: Spike Test 1-222
2021-06-26 23:54:33,030 INFO o.a.j.t.JMeterThread: Stopping because end time detected by thread: Spike Test 1-192
2021-06-26 23:54:33,030 INFO o.a.j.t.JMeterThread: Thread finished: Spike Test 1-192
2021-06-26 23:54:33,471 INFO o.a.j.t.JMeterThread: Stopping because end time detected by thread: Spike Test 1-180
2021-06-26 23:54:33,471 INFO o.a.j.t.JMeterThread: Thread finished: Spike Test 1-180
2021-06-26 23:54:35,298 INFO o.a.j.t.JMeterThread: Stopping because end time detected by thread: Spike Test 1-234
2021-06-26 23:54:35,298 INFO o.a.j.t.JMeterThread: Thread finished: Spike Test 1-234
2021-06-26 23:54:35,452 INFO o.a.j.t.JMeterThread: Stopping because end time detected by thread: Spike Test 1-99
2021-06-26 23:54:35,452 INFO o.a.j.t.JMeterThread: Thread finished: Spike Test 1-99
2021-06-26 23:54:36,643 INFO o.a.j.t.JMeterThread: Stopping because end time detected by thread: Spike Test 1-110
2021-06-26 23:54:36,643 INFO o.a.j.t.JMeterThread: Thread finished: Spike Test 1-110
2021-06-26 23:54:46,054 INFO o.a.j.t.JMeterThread: Stopping because end time detected by thread: Spike Test 1-61
2021-06-26 23:54:46,054 INFO o.a.j.t.JMeterThread: Thread finished: Spike Test 1-61
2021-06-27 00:02:25,809 INFO o.a.j.r.ResultCollector: Shutdown hook started
2021-06-27 00:02:25,809 INFO o.a.j.r.ResultCollector: Shutdown hook ended
